[0.034s] Invoking command in '/home/yy/robot_ws/build/image_transport': CMAKE_PREFIX_PATH=${CMAKE_PREFIX_PATH}:/home/yy/turtlebot3_ws/install/turtlebot3_teleop:/home/yy/turtlebot3_ws/install/turtlebot3_example:/home/yy/robot_ws/install/test_para:/home/yy/robot_ws/install/test_num:/home/yy/robot_ws/install/tb3_move:/home/yy/robot_ws/install/ros2_aruco:/home/yy/robot_ws/install/move_turtle_pkg:/home/yy/robot_ws/install/m_pubsub:/home/yy/robot_ws/install/imgtran:/opt/ros/foxy /usr/bin/cmake --build /home/yy/robot_ws/build/image_transport -- -j2 -l2
[0.082s] [  6%] Built target gtest
[0.104s] [ 12%] Built target gtest_main
[0.111s] [ 37%] Built target image_transport
[0.126s] [35m[1mScanning dependencies of target image_transport-remapping[0m
[0.153s] [ 43%] Built target list_transports
[0.189s] [ 50%] Built target image_transport_plugins
[0.215s] [ 53%] [32mBuilding CXX object CMakeFiles/image_transport-remapping.dir/test/test_remapping.cpp.o[0m
[0.220s] [ 56%] [32mBuilding CXX object CMakeFiles/republish.dir/src/republish.cpp.o[0m
[1.880s] [01m[K/home/yy/robot_ws/image_common/image_transport/src/republish.cpp:[m[K In function â€˜[01m[Kint main(int, char**)[m[Kâ€™:
[1.880s] [01m[K/home/yy/robot_ws/image_common/image_transport/src/republish.cpp:65:41:[m[K [01;31m[Kerror: [m[Kâ€˜[01m[KQosOverridingOptions[m[Kâ€™ is not a member of â€˜[01m[Krclcpp[m[Kâ€™
[1.881s]    65 |     auto qos_override_options = rclcpp::[01;31m[KQosOverridingOptions[m[K(
[1.881s]       |                                         [01;31m[K^~~~~~~~~~~~~~~~~~~~[m[K
[1.881s] [01m[K/home/yy/robot_ws/image_common/image_transport/src/republish.cpp:67:15:[m[K [01;31m[Kerror: [m[Kâ€˜[01m[Krclcpp::QosPolicyKind[m[Kâ€™ has not been declared
[1.881s]    67 |       rclcpp::[01;31m[KQosPolicyKind[m[K::Depth,
[1.881s]       |               [01;31m[K^~~~~~~~~~~~~[m[K
[1.881s] [01m[K/home/yy/robot_ws/image_common/image_transport/src/republish.cpp:68:15:[m[K [01;31m[Kerror: [m[Kâ€˜[01m[Krclcpp::QosPolicyKind[m[Kâ€™ has not been declared
[1.881s]    68 |       rclcpp::[01;31m[KQosPolicyKind[m[K::Durability,
[1.881s]       |               [01;31m[K^~~~~~~~~~~~~[m[K
[1.882s] [01m[K/home/yy/robot_ws/image_common/image_transport/src/republish.cpp:69:15:[m[K [01;31m[Kerror: [m[Kâ€˜[01m[Krclcpp::QosPolicyKind[m[Kâ€™ has not been declared
[1.882s]    69 |       rclcpp::[01;31m[KQosPolicyKind[m[K::History,
[1.882s]       |               [01;31m[K^~~~~~~~~~~~~[m[K
[1.882s] [01m[K/home/yy/robot_ws/image_common/image_transport/src/republish.cpp:72:17:[m[K [01;31m[Kerror: [m[Kâ€˜[01m[Kusing PublisherOptions = struct rclcpp::PublisherOptionsWithAllocator<std::allocator<void> >[m[Kâ€™ {aka â€˜[01m[Kstruct rclcpp::PublisherOptionsWithAllocator<std::allocator<void> >[m[Kâ€™} has no member named â€˜[01m[Kqos_overriding_options[m[Kâ€™
[1.882s]    72 |     pub_options.[01;31m[Kqos_overriding_options[m[K = qos_override_options;
[1.882s]       |                 [01;31m[K^~~~~~~~~~~~~~~~~~~~~~[m[K
[1.882s] [01m[K/home/yy/robot_ws/image_common/image_transport/src/republish.cpp:83:17:[m[K [01;31m[Kerror: [m[Kâ€˜[01m[Kusing SubscriptionOptions = struct rclcpp::SubscriptionOptionsWithAllocator<std::allocator<void> >[m[Kâ€™ {aka â€˜[01m[Kstruct rclcpp::SubscriptionOptionsWithAllocator<std::allocator<void> >[m[Kâ€™} has no member named â€˜[01m[Kqos_overriding_options[m[Kâ€™
[1.882s]    83 |     sub_options.[01;31m[Kqos_overriding_options[m[K = qos_override_options;
[1.882s]       |                 [01;31m[K^~~~~~~~~~~~~~~~~~~~~~[m[K
[2.723s] [ 59%] [32m[1mLinking CXX executable image_transport-remapping[0m
[2.984s] [ 59%] Built target image_transport-remapping
[3.005s] [ 65%] Built target image_transport-camera_common
[3.032s] [ 68%] [32mBuilding CXX object CMakeFiles/image_transport-qos_override.dir/test/test_qos_override.cpp.o[0m
[3.035s] make[2]: *** [CMakeFiles/republish.dir/build.make:63: CMakeFiles/republish.dir/src/republish.cpp.o] Error 1
[3.036s] make[1]: *** [CMakeFiles/Makefile2:256: CMakeFiles/republish.dir/all] Error 2
[3.036s] make[1]: *** Waiting for unfinished jobs....
[4.103s] In file included from [01m[K/opt/ros/foxy/src/gtest_vendor/include/gtest/gtest.h:384[m[K,
[4.103s]                  from [01m[K/home/yy/robot_ws/image_common/image_transport/test/test_qos_override.cpp:29[m[K:
[4.103s] [01m[K/home/yy/robot_ws/image_common/image_transport/test/test_qos_override.cpp:[m[K In member function â€˜[01m[Kvirtual void TestQosOverride_qos_override_publisher_without_options_Test::TestBody()[m[Kâ€™:
[4.103s] [01m[K/home/yy/robot_ws/image_common/image_transport/test/test_qos_override.cpp:69:60:[m[K [01;31m[Kerror: [m[Kno matching function for call to â€˜[01m[Krclcpp::QoS::reliability()[m[Kâ€™
[4.103s]    69 |   EXPECT_EQ(endpoint_info_vec[0].qos_profile().reliability([01;31m[K)[m[K, rclcpp::ReliabilityPolicy::Reliable);
[4.103s]       |                                                            [01;31m[K^[m[K
[4.103s] [01m[K/opt/ros/foxy/src/gtest_vendor/include/gtest/gtest_pred_impl.h:76:52:[m[K [01;36m[Knote: [m[Kin definition of macro â€˜[01m[KGTEST_ASSERT_[m[Kâ€™
[4.103s]    76 |   if (const ::testing::AssertionResult gtest_ar = ([01;36m[Kexpression[m[K)) \
[4.103s]       |                                                    [01;36m[K^~~~~~~~~~[m[K
[4.104s] [01m[K/opt/ros/foxy/src/gtest_vendor/include/gtest/gtest_pred_impl.h:161:3:[m[K [01;36m[Knote: [m[Kin expansion of macro â€˜[01m[KGTEST_PRED_FORMAT2_[m[Kâ€™
[4.104s]   161 |   [01;36m[KGTEST_PRED_FORMAT2_[m[K(pred_format, v1, v2, GTEST_NONFATAL_FAILURE_)
[4.104s]       |   [01;36m[K^~~~~~~~~~~~~~~~~~~[m[K
[4.104s] [01m[K/opt/ros/foxy/src/gtest_vendor/include/gtest/gtest.h:1996:3:[m[K [01;36m[Knote: [m[Kin expansion of macro â€˜[01m[KEXPECT_PRED_FORMAT2[m[Kâ€™
[4.104s]  1996 |   [01;36m[KEXPECT_PRED_FORMAT2[m[K(::testing::internal:: \
[4.104s]       |   [01;36m[K^~~~~~~~~~~~~~~~~~~[m[K
[4.104s] [01m[K/opt/ros/foxy/src/gtest_vendor/include/gtest/gtest.h:1997:32:[m[K [01;36m[Knote: [m[Kin expansion of macro â€˜[01m[KGTEST_IS_NULL_LITERAL_[m[Kâ€™
[4.104s]  1997 |                       EqHelper<[01;36m[KGTEST_IS_NULL_LITERAL_[m[K(val1)>::Compare, \
[4.104s]       |                                [01;36m[K^~~~~~~~~~~~~~~~~~~~~~[m[K
[4.104s] [01m[K/home/yy/robot_ws/image_common/image_transport/test/test_qos_override.cpp:69:3:[m[K [01;36m[Knote: [m[Kin expansion of macro â€˜[01m[KEXPECT_EQ[m[Kâ€™
[4.104s]    69 |   [01;36m[KEXPECT_EQ[m[K(endpoint_info_vec[0].qos_profile().reliability(), rclcpp::ReliabilityPolicy::Reliable);
[4.104s]       |   [01;36m[K^~~~~~~~~[m[K
[4.104s] In file included from [01m[K/opt/ros/foxy/include/rclcpp/node_interfaces/node_graph_interface.hpp:31[m[K,
[4.104s]                  from [01m[K/opt/ros/foxy/include/rclcpp/client.hpp:34[m[K,
[4.104s]                  from [01m[K/opt/ros/foxy/include/rclcpp/callback_group.hpp:23[m[K,
[4.105s]                  from [01m[K/opt/ros/foxy/include/rclcpp/any_executable.hpp:20[m[K,
[4.105s]                  from [01m[K/opt/ros/foxy/include/rclcpp/memory_strategy.hpp:24[m[K,
[4.105s]                  from [01m[K/opt/ros/foxy/include/rclcpp/memory_strategies.hpp:18[m[K,
[4.105s]                  from [01m[K/opt/ros/foxy/include/rclcpp/executor_options.hpp:20[m[K,
[4.105s]                  from [01m[K/opt/ros/foxy/include/rclcpp/executor.hpp:33[m[K,
[4.105s]                  from [01m[K/opt/ros/foxy/include/rclcpp/executors/multi_threaded_executor.hpp:26[m[K,
[4.105s]                  from [01m[K/opt/ros/foxy/include/rclcpp/executors.hpp:21[m[K,
[4.105s]                  from [01m[K/opt/ros/foxy/include/rclcpp/rclcpp.hpp:146[m[K,
[4.105s]                  from [01m[K/home/yy/robot_ws/image_common/image_transport/test/test_qos_override.cpp:34[m[K:
[4.105s] [01m[K/opt/ros/foxy/include/rclcpp/qos.hpp:98:3:[m[K [01;36m[Knote: [m[Kcandidate: â€˜[01m[Krclcpp::QoS& rclcpp::QoS::reliability(rmw_qos_reliability_policy_t)[m[Kâ€™
[4.105s]    98 |   [01;36m[Kreliability[m[K(rmw_qos_reliability_policy_t reliability);
[4.105s]       |   [01;36m[K^~~~~~~~~~~[m[K
[4.105s] [01m[K/opt/ros/foxy/include/rclcpp/qos.hpp:98:3:[m[K [01;36m[Knote: [m[K  candidate expects 1 argument, 0 provided
[4.105s] In file included from [01m[K/opt/ros/foxy/src/gtest_vendor/include/gtest/gtest.h:384[m[K,
[4.105s]                  from [01m[K/home/yy/robot_ws/image_common/image_transport/test/test_qos_override.cpp:29[m[K:
[4.105s] [01m[K/opt/ros/foxy/src/gtest_vendor/include/gtest/gtest.h:1997:60:[m[K [01;31m[Kerror: [m[Ktemplate argument 1 is invalid
[4.105s]  1997 |                       EqHelper<GTEST_IS_NULL_LITERAL_(val1)[01;31m[K>[m[K::Compare, \
[4.105s]       |                                                            [01;31m[K^[m[K
[4.105s] [01m[K/opt/ros/foxy/src/gtest_vendor/include/gtest/gtest_pred_impl.h:76:52:[m[K [01;36m[Knote: [m[Kin definition of macro â€˜[01m[KGTEST_ASSERT_[m[Kâ€™
[4.105s]    76 |   if (const ::testing::AssertionResult gtest_ar = ([01;36m[Kexpression[m[K)) \
[4.105s]       |                                                    [01;36m[K^~~~~~~~~~[m[K
[4.106s] [01m[K/opt/ros/foxy/src/gtest_vendor/include/gtest/gtest_pred_impl.h:161:3:[m[K [01;36m[Knote: [m[Kin expansion of macro â€˜[01m[KGTEST_PRED_FORMAT2_[m[Kâ€™
[4.106s]   161 |   [01;36m[KGTEST_PRED_FORMAT2_[m[K(pred_format, v1, v2, GTEST_NONFATAL_FAILURE_)
[4.106s]       |   [01;36m[K^~~~~~~~~~~~~~~~~~~[m[K
[4.106s] [01m[K/opt/ros/foxy/src/gtest_vendor/include/gtest/gtest.h:1996:3:[m[K [01;36m[Knote: [m[Kin expansion of macro â€˜[01m[KEXPECT_PRED_FORMAT2[m[Kâ€™
[4.106s]  1996 |   [01;36m[KEXPECT_PRED_FORMAT2[m[K(::testing::internal:: \
[4.106s]       |   [01;36m[K^~~~~~~~~~~~~~~~~~~[m[K
[4.106s] [01m[K/home/yy/robot_ws/image_common/image_transport/test/test_qos_override.cpp:69:3:[m[K [01;36m[Knote: [m[Kin expansion of macro â€˜[01m[KEXPECT_EQ[m[Kâ€™
[4.106s]    69 |   [01;36m[KEXPECT_EQ[m[K(endpoint_info_vec[0].qos_profile().reliability(), rclcpp::ReliabilityPolicy::Reliable);
[4.106s]       |   [01;36m[K^~~~~~~~~[m[K
[4.106s] [01m[K/home/yy/robot_ws/image_common/image_transport/test/test_qos_override.cpp:69:60:[m[K [01;31m[Kerror: [m[Kno matching function for call to â€˜[01m[Krclcpp::QoS::reliability()[m[Kâ€™
[4.106s]    69 |   EXPECT_EQ(endpoint_info_vec[0].qos_profile().reliability([01;31m[K)[m[K, rclcpp::ReliabilityPolicy::Reliable);
[4.106s]       |                                                            [01;31m[K^[m[K
[4.106s] [01m[K/opt/ros/foxy/src/gtest_vendor/include/gtest/gtest_pred_impl.h:76:52:[m[K [01;36m[Knote: [m[Kin definition of macro â€˜[01m[KGTEST_ASSERT_[m[Kâ€™
[4.106s]    76 |   if (const ::testing::AssertionResult gtest_ar = ([01;36m[Kexpression[m[K)) \
[4.106s]       |                                                    [01;36m[K^~~~~~~~~~[m[K
[4.106s] [01m[K/opt/ros/foxy/src/gtest_vendor/include/gtest/gtest_pred_impl.h:161:3:[m[K [01;36m[Knote: [m[Kin expansion of macro â€˜[01m[KGTEST_PRED_FORMAT2_[m[Kâ€™
[4.106s]   161 |   [01;36m[KGTEST_PRED_FORMAT2_[m[K(pred_format, v1, v2, GTEST_NONFATAL_FAILURE_)
[4.106s]       |   [01;36m[K^~~~~~~~~~~~~~~~~~~[m[K
[4.106s] [01m[K/opt/ros/foxy/src/gtest_vendor/include/gtest/gtest.h:1996:3:[m[K [01;36m[Knote: [m[Kin expansion of macro â€˜[01m[KEXPECT_PRED_FORMAT2[m[Kâ€™
[4.107s]  1996 |   [01;36m[KEXPECT_PRED_FORMAT2[m[K(::testing::internal:: \
[4.107s]       |   [01;36m[K^~~~~~~~~~~~~~~~~~~[m[K
[4.107s] [01m[K/home/yy/robot_ws/image_common/image_transport/test/test_qos_override.cpp:69:3:[m[K [01;36m[Knote: [m[Kin expansion of macro â€˜[01m[KEXPECT_EQ[m[Kâ€™
[4.107s]    69 |   [01;36m[KEXPECT_EQ[m[K(endpoint_info_vec[0].qos_profile().reliability(), rclcpp::ReliabilityPolicy::Reliable);
[4.107s]       |   [01;36m[K^~~~~~~~~[m[K
[4.108s] In file included from [01m[K/opt/ros/foxy/include/rclcpp/node_interfaces/node_graph_interface.hpp:31[m[K,
[4.108s]                  from [01m[K/opt/ros/foxy/include/rclcpp/client.hpp:34[m[K,
[4.108s]                  from [01m[K/opt/ros/foxy/include/rclcpp/callback_group.hpp:23[m[K,
[4.108s]                  from [01m[K/opt/ros/foxy/include/rclcpp/any_executable.hpp:20[m[K,
[4.108s]                  from [01m[K/opt/ros/foxy/include/rclcpp/memory_strategy.hpp:24[m[K,
[4.108s]                  from [01m[K/opt/ros/foxy/include/rclcpp/memory_strategies.hpp:18[m[K,
[4.109s]                  from [01m[K/opt/ros/foxy/include/rclcpp/executor_options.hpp:20[m[K,
[4.109s]                  from [01m[K/opt/ros/foxy/include/rclcpp/executor.hpp:33[m[K,
[4.109s]                  from [01m[K/opt/ros/foxy/include/rclcpp/executors/multi_threaded_executor.hpp:26[m[K,
[4.109s]                  from [01m[K/opt/ros/foxy/include/rclcpp/executors.hpp:21[m[K,
[4.109s]                  from [01m[K/opt/ros/foxy/include/rclcpp/rclcpp.hpp:146[m[K,
[4.109s]                  from [01m[K/home/yy/robot_ws/image_common/image_transport/test/test_qos_override.cpp:34[m[K:
[4.109s] [01m[K/opt/ros/foxy/include/rclcpp/qos.hpp:98:3:[m[K [01;36m[Knote: [m[Kcandidate: â€˜[01m[Krclcpp::QoS& rclcpp::QoS::reliability(rmw_qos_reliability_policy_t)[m[Kâ€™
[4.109s]    98 |   [01;36m[Kreliability[m[K(rmw_qos_reliability_policy_t reliability);
[4.109s]       |   [01;36m[K^~~~~~~~~~~[m[K
[4.110s] [01m[K/opt/ros/foxy/include/rclcpp/qos.hpp:98:3:[m[K [01;36m[Knote: [m[K  candidate expects 1 argument, 0 provided
[4.110s] In file included from [01m[K/opt/ros/foxy/src/gtest_vendor/include/gtest/gtest.h:384[m[K,
[4.110s]                  from [01m[K/home/yy/robot_ws/image_common/image_transport/test/test_qos_override.cpp:29[m[K:
[4.110s] [01m[K/home/yy/robot_ws/image_common/image_transport/test/test_qos_override.cpp:69:71:[m[K [01;31m[Kerror: [m[Kâ€˜[01m[Krclcpp::ReliabilityPolicy[m[Kâ€™ has not been declared
[4.110s]    69 |   EXPECT_EQ(endpoint_info_vec[0].qos_profile().reliability(), rclcpp::[01;31m[KReliabilityPolicy[m[K::Reliable);
[4.110s]       |                                                                       [01;31m[K^~~~~~~~~~~~~~~~~[m[K
[4.110s] [01m[K/opt/ros/foxy/src/gtest_vendor/include/gtest/gtest_pred_impl.h:76:52:[m[K [01;36m[Knote: [m[Kin definition of macro â€˜[01m[KGTEST_ASSERT_[m[Kâ€™
[4.110s]    76 |   if (const ::testing::AssertionResult gtest_ar = ([01;36m[Kexpression[m[K)) \
[4.110s]       |                                                    [01;36m[K^~~~~~~~~~[m[K
[4.110s] [01m[K/opt/ros/foxy/src/gtest_vendor/include/gtest/gtest_pred_impl.h:161:3:[m[K [01;36m[Knote: [m[Kin expansion of macro â€˜[01m[KGTEST_PRED_FORMAT2_[m[Kâ€™
[4.111s]   161 |   [01;36m[KGTEST_PRED_FORMAT2_[m[K(pred_format, v1, v2, GTEST_NONFATAL_FAILURE_)
[4.111s]       |   [01;36m[K^~~~~~~~~~~~~~~~~~~[m[K
[4.111s] [01m[K/opt/ros/foxy/src/gtest_vendor/include/gtest/gtest.h:1996:3:[m[K [01;36m[Knote: [m[Kin expansion of macro â€˜[01m[KEXPECT_PRED_FORMAT2[m[Kâ€™
[4.112s]  1996 |   [01;36m[KEXPECT_PRED_FORMAT2[m[K(::testing::internal:: \
[4.112s]       |   [01;36m[K^~~~~~~~~~~~~~~~~~~[m[K
[4.112s] [01m[K/home/yy/robot_ws/image_common/image_transport/test/test_qos_override.cpp:69:3:[m[K [01;36m[Knote: [m[Kin expansion of macro â€˜[01m[KEXPECT_EQ[m[Kâ€™
[4.112s]    69 |   [01;36m[KEXPECT_EQ[m[K(endpoint_info_vec[0].qos_profile().reliability(), rclcpp::ReliabilityPolicy::Reliable);
[4.112s]       |   [01;36m[K^~~~~~~~~[m[K
[4.112s] [01m[K/home/yy/robot_ws/image_common/image_transport/test/test_qos_override.cpp:77:52:[m[K [01;31m[Kerror: [m[Kno matching function for call to â€˜[01m[Krclcpp::QoS::reliability()[m[Kâ€™
[4.112s]    77 |     endpoint_info_vec[0].qos_profile().reliability([01;31m[K)[m[K,
[4.113s]       |                                                    [01;31m[K^[m[K
[4.113s] [01m[K/opt/ros/foxy/src/gtest_vendor/include/gtest/gtest_pred_impl.h:76:52:[m[K [01;36m[Knote: [m[Kin definition of macro â€˜[01m[KGTEST_ASSERT_[m[Kâ€™
[4.113s]    76 |   if (const ::testing::AssertionResult gtest_ar = ([01;36m[Kexpression[m[K)) \
[4.113s]       |                                                    [01;36m[K^~~~~~~~~~[m[K
[4.113s] [01m[K/opt/ros/foxy/src/gtest_vendor/include/gtest/gtest_pred_impl.h:161:3:[m[K [01;36m[Knote: [m[Kin expansion of macro â€˜[01m[KGTEST_PRED_FORMAT2_[m[Kâ€™
[4.113s]   161 |   [01;36m[KGTEST_PRED_FORMAT2_[m[K(pred_format, v1, v2, GTEST_NONFATAL_FAILURE_)
[4.113s]       |   [01;36m[K^~~~~~~~~~~~~~~~~~~[m[K
[4.113s] [01m[K/opt/ros/foxy/src/gtest_vendor/include/gtest/gtest.h:1996:3:[m[K [01;36m[Knote: [m[Kin expansion of macro â€˜[01m[KEXPECT_PRED_FORMAT2[m[Kâ€™
[4.114s]  1996 |   [01;36m[KEXPECT_PRED_FORMAT2[m[K(::testing::internal:: \
[4.114s]       |   [01;36m[K^~~~~~~~~~~~~~~~~~~[m[K
[4.114s] [01m[K/opt/ros/foxy/src/gtest_vendor/include/gtest/gtest.h:1997:32:[m[K [01;36m[Knote: [m[Kin expansion of macro â€˜[01m[KGTEST_IS_NULL_LITERAL_[m[Kâ€™
[4.114s]  1997 |                       EqHelper<[01;36m[KGTEST_IS_NULL_LITERAL_[m[K(val1)>::Compare, \
[4.114s]       |                                [01;36m[K^~~~~~~~~~~~~~~~~~~~~~[m[K
[4.114s] [01m[K/home/yy/robot_ws/image_common/image_transport/test/test_qos_override.cpp:76:3:[m[K [01;36m[Knote: [m[Kin expansion of macro â€˜[01m[KEXPECT_EQ[m[Kâ€™
[4.115s]    76 |   [01;36m[KEXPECT_EQ[m[K(
[4.115s]       |   [01;36m[K^~~~~~~~~[m[K
[4.115s] In file included from [01m[K/opt/ros/foxy/include/rclcpp/node_interfaces/node_graph_interface.hpp:31[m[K,
[4.115s]                  from [01m[K/opt/ros/foxy/include/rclcpp/client.hpp:34[m[K,
[4.115s]                  from [01m[K/opt/ros/foxy/include/rclcpp/callback_group.hpp:23[m[K,
[4.116s]                  from [01m[K/opt/ros/foxy/include/rclcpp/any_executable.hpp:20[m[K,
[4.116s]                  from [01m[K/opt/ros/foxy/include/rclcpp/memory_strategy.hpp:24[m[K,
[4.116s]                  from [01m[K/opt/ros/foxy/include/rclcpp/memory_strategies.hpp:18[m[K,
[4.116s]                  from [01m[K/opt/ros/foxy/include/rclcpp/executor_options.hpp:20[m[K,
[4.116s]                  from [01m[K/opt/ros/foxy/include/rclcpp/executor.hpp:33[m[K,
[4.116s]                  from [01m[K/opt/ros/foxy/include/rclcpp/executors/multi_threaded_executor.hpp:26[m[K,
[4.116s]                  from [01m[K/opt/ros/foxy/include/rclcpp/executors.hpp:21[m[K,
[4.116s]                  from [01m[K/opt/ros/foxy/include/rclcpp/rclcpp.hpp:146[m[K,
[4.116s]                  from [01m[K/home/yy/robot_ws/image_common/image_transport/test/test_qos_override.cpp:34[m[K:
[4.116s] [01m[K/opt/ros/foxy/include/rclcpp/qos.hpp:98:3:[m[K [01;36m[Knote: [m[Kcandidate: â€˜[01m[Krclcpp::QoS& rclcpp::QoS::reliability(rmw_qos_reliability_policy_t)[m[Kâ€™
[4.117s]    98 |   [01;36m[Kreliability[m[K(rmw_qos_reliability_policy_t reliability);
[4.117s]       |   [01;36m[K^~~~~~~~~~~[m[K
[4.117s] [01m[K/opt/ros/foxy/include/rclcpp/qos.hpp:98:3:[m[K [01;36m[Knote: [m[K  candidate expects 1 argument, 0 provided
[4.117s] In file included from [01m[K/opt/ros/foxy/src/gtest_vendor/include/gtest/gtest.h:384[m[K,
[4.117s]                  from [01m[K/home/yy/robot_ws/image_common/image_transport/test/test_qos_override.cpp:29[m[K:
[4.117s] [01m[K/opt/ros/foxy/src/gtest_vendor/include/gtest/gtest.h:1997:60:[m[K [01;31m[Kerror: [m[Ktemplate argument 1 is invalid
[4.117s]  1997 |                       EqHelper<GTEST_IS_NULL_LITERAL_(val1)[01;31m[K>[m[K::Compare, \
[4.118s]       |                                                            [01;31m[K^[m[K
[4.118s] [01m[K/opt/ros/foxy/src/gtest_vendor/include/gtest/gtest_pred_impl.h:76:52:[m[K [01;36m[Knote: [m[Kin definition of macro â€˜[01m[KGTEST_ASSERT_[m[Kâ€™
[4.118s]    76 |   if (const ::testing::AssertionResult gtest_ar = ([01;36m[Kexpression[m[K)) \
[4.118s]       |                                                    [01;36m[K^~~~~~~~~~[m[K
[4.118s] [01m[K/opt/ros/foxy/src/gtest_vendor/include/gtest/gtest_pred_impl.h:161:3:[m[K [01;36m[Knote: [m[Kin expansion of macro â€˜[01m[KGTEST_PRED_FORMAT2_[m[Kâ€™
[4.119s]   161 |   [01;36m[KGTEST_PRED_FORMAT2_[m[K(pred_format, v1, v2, GTEST_NONFATAL_FAILURE_)
[4.119s]       |   [01;36m[K^~~~~~~~~~~~~~~~~~~[m[K
[4.119s] [01m[K/opt/ros/foxy/src/gtest_vendor/include/gtest/gtest.h:1996:3:[m[K [01;36m[Knote: [m[Kin expansion of macro â€˜[01m[KEXPECT_PRED_FORMAT2[m[Kâ€™
[4.119s]  1996 |   [01;36m[KEXPECT_PRED_FORMAT2[m[K(::testing::internal:: \
[4.119s]       |   [01;36m[K^~~~~~~~~~~~~~~~~~~[m[K
[4.119s] [01m[K/home/yy/robot_ws/image_common/image_transport/test/test_qos_override.cpp:76:3:[m[K [01;36m[Knote: [m[Kin expansion of macro â€˜[01m[KEXPECT_EQ[m[Kâ€™
[4.119s]    76 |   [01;36m[KEXPECT_EQ[m[K(
[4.119s]       |   [01;36m[K^~~~~~~~~[m[K
[4.119s] [01m[K/home/yy/robot_ws/image_common/image_transport/test/test_qos_override.cpp:77:52:[m[K [01;31m[Kerror: [m[Kno matching function for call to â€˜[01m[Krclcpp::QoS::reliability()[m[Kâ€™
[4.120s]    77 |     endpoint_info_vec[0].qos_profile().reliability([01;31m[K)[m[K,
[4.120s]       |                                                    [01;31m[K^[m[K
[4.120s] [01m[K/opt/ros/foxy/src/gtest_vendor/include/gtest/gtest_pred_impl.h:76:52:[m[K [01;36m[Knote: [m[Kin definition of macro â€˜[01m[KGTEST_ASSERT_[m[Kâ€™
[4.120s]    76 |   if (const ::testing::AssertionResult gtest_ar = ([01;36m[Kexpression[m[K)) \
[4.120s]       |                                                    [01;36m[K^~~~~~~~~~[m[K
[4.120s] [01m[K/opt/ros/foxy/src/gtest_vendor/include/gtest/gtest_pred_impl.h:161:3:[m[K [01;36m[Knote: [m[Kin expansion of macro â€˜[01m[KGTEST_PRED_FORMAT2_[m[Kâ€™
[4.120s]   161 |   [01;36m[KGTEST_PRED_FORMAT2_[m[K(pred_format, v1, v2, GTEST_NONFATAL_FAILURE_)
[4.120s]       |   [01;36m[K^~~~~~~~~~~~~~~~~~~[m[K
[4.120s] [01m[K/opt/ros/foxy/src/gtest_vendor/include/gtest/gtest.h:1996:3:[m[K [01;36m[Knote: [m[Kin expansion of macro â€˜[01m[KEXPECT_PRED_FORMAT2[m[Kâ€™
[4.121s]  1996 |   [01;36m[KEXPECT_PRED_FORMAT2[m[K(::testing::internal:: \
[4.121s]       |   [01;36m[K^~~~~~~~~~~~~~~~~~~[m[K
[4.121s] [01m[K/home/yy/robot_ws/image_common/image_transport/test/test_qos_override.cpp:76:3:[m[K [01;36m[Knote: [m[Kin expansion of macro â€˜[01m[KEXPECT_EQ[m[Kâ€™
[4.121s]    76 |   [01;36m[KEXPECT_EQ[m[K(
[4.121s]       |   [01;36m[K^~~~~~~~~[m[K
[4.121s] In file included from [01m[K/opt/ros/foxy/include/rclcpp/node_interfaces/node_graph_interface.hpp:31[m[K,
[4.121s]                  from [01m[K/opt/ros/foxy/include/rclcpp/client.hpp:34[m[K,
[4.121s]                  from [01m[K/opt/ros/foxy/include/rclcpp/callback_group.hpp:23[m[K,
[4.121s]                  from [01m[K/opt/ros/foxy/include/rclcpp/any_executable.hpp:20[m[K,
[4.122s]                  from [01m[K/opt/ros/foxy/include/rclcpp/memory_strategy.hpp:24[m[K,
[4.122s]                  from [01m[K/opt/ros/foxy/include/rclcpp/memory_strategies.hpp:18[m[K,
[4.122s]                  from [01m[K/opt/ros/foxy/include/rclcpp/executor_options.hpp:20[m[K,
[4.122s]                  from [01m[K/opt/ros/foxy/include/rclcpp/executor.hpp:33[m[K,
[4.122s]                  from [01m[K/opt/ros/foxy/include/rclcpp/executors/multi_threaded_executor.hpp:26[m[K,
[4.122s]                  from [01m[K/opt/ros/foxy/include/rclcpp/executors.hpp:21[m[K,
[4.122s]                  from [01m[K/opt/ros/foxy/include/rclcpp/rclcpp.hpp:146[m[K,
[4.122s]                  from [01m[K/home/yy/robot_ws/image_common/image_transport/test/test_qos_override.cpp:34[m[K:
[4.123s] [01m[K/opt/ros/foxy/include/rclcpp/qos.hpp:98:3:[m[K [01;36m[Knote: [m[Kcandidate: â€˜[01m[Krclcpp::QoS& rclcpp::QoS::reliability(rmw_qos_reliability_policy_t)[m[Kâ€™
[4.123s]    98 |   [01;36m[Kreliability[m[K(rmw_qos_reliability_policy_t reliability);
[4.123s]       |   [01;36m[K^~~~~~~~~~~[m[K
[4.123s] [01m[K/opt/ros/foxy/include/rclcpp/qos.hpp:98:3:[m[K [01;36m[Knote: [m[K  candidate expects 1 argument, 0 provided
[4.123s] In file included from [01m[K/opt/ros/foxy/src/gtest_vendor/include/gtest/gtest.h:384[m[K,
[4.123s]                  from [01m[K/home/yy/robot_ws/image_common/image_transport/test/test_qos_override.cpp:29[m[K:
[4.123s] [01m[K/home/yy/robot_ws/image_common/image_transport/test/test_qos_override.cpp:78:13:[m[K [01;31m[Kerror: [m[Kâ€˜[01m[Krclcpp::ReliabilityPolicy[m[Kâ€™ has not been declared
[4.123s]    78 |     rclcpp::[01;31m[KReliabilityPolicy[m[K::Reliable);
[4.123s]       |             [01;31m[K^~~~~~~~~~~~~~~~~[m[K
[4.124s] [01m[K/opt/ros/foxy/src/gtest_vendor/include/gtest/gtest_pred_impl.h:76:52:[m[K [01;36m[Knote: [m[Kin definition of macro â€˜[01m[KGTEST_ASSERT_[m[Kâ€™
[4.124s]    76 |   if (const ::testing::AssertionResult gtest_ar = ([01;36m[Kexpression[m[K)) \
[4.124s]       |                                                    [01;36m[K^~~~~~~~~~[m[K
[4.124s] [01m[K/opt/ros/foxy/src/gtest_vendor/include/gtest/gtest_pred_impl.h:161:3:[m[K [01;36m[Knote: [m[Kin expansion of macro â€˜[01m[KGTEST_PRED_FORMAT2_[m[Kâ€™
[4.124s]   161 |   [01;36m[KGTEST_PRED_FORMAT2_[m[K(pred_format, v1, v2, GTEST_NONFATAL_FAILURE_)
[4.124s]       |   [01;36m[K^~~~~~~~~~~~~~~~~~~[m[K
[4.124s] [01m[K/opt/ros/foxy/src/gtest_vendor/include/gtest/gtest.h:1996:3:[m[K [01;36m[Knote: [m[Kin expansion of macro â€˜[01m[KEXPECT_PRED_FORMAT2[m[Kâ€™
[4.125s]  1996 |   [01;36m[KEXPECT_PRED_FORMAT2[m[K(::testing::internal:: \
[4.125s]       |   [01;36m[K^~~~~~~~~~~~~~~~~~~[m[K
[4.125s] [01m[K/home/yy/robot_ws/image_common/image_transport/test/test_qos_override.cpp:76:3:[m[K [01;36m[Knote: [m[Kin expansion of macro â€˜[01m[KEXPECT_EQ[m[Kâ€™
[4.125s]    76 |   [01;36m[KEXPECT_EQ[m[K(
[4.125s]       |   [01;36m[K^~~~~~~~~[m[K
[4.125s] [01m[K/home/yy/robot_ws/image_common/image_transport/test/test_qos_override.cpp:[m[K In member function â€˜[01m[Kvirtual void TestQosOverride_qos_override_publisher_with_options_Test::TestBody()[m[Kâ€™:
[4.125s] [01m[K/home/yy/robot_ws/image_common/image_transport/test/test_qos_override.cpp:84:11:[m[K [01;31m[Kerror: [m[Kâ€˜[01m[Kusing PublisherOptions = struct rclcpp::PublisherOptionsWithAllocator<std::allocator<void> >[m[Kâ€™ {aka â€˜[01m[Kstruct rclcpp::PublisherOptionsWithAllocator<std::allocator<void> >[m[Kâ€™} has no member named â€˜[01m[Kqos_overriding_options[m[Kâ€™
[4.125s]    84 |   options.[01;31m[Kqos_overriding_options[m[K = rclcpp::QosOverridingOptions(
[4.126s]       |           [01;31m[K^~~~~~~~~~~~~~~~~~~~~~[m[K
[4.126s] [01m[K/home/yy/robot_ws/image_common/image_transport/test/test_qos_override.cpp:84:44:[m[K [01;31m[Kerror: [m[Kâ€˜[01m[KQosOverridingOptions[m[Kâ€™ is not a member of â€˜[01m[Krclcpp[m[Kâ€™
[4.126s]    84 |   options.qos_overriding_options = rclcpp::[01;31m[KQosOverridingOptions[m[K(
[4.126s]       |                                            [01;31m[K^~~~~~~~~~~~~~~~~~~~[m[K
[4.126s] [01m[K/home/yy/robot_ws/image_common/image_transport/test/test_qos_override.cpp:86:13:[m[K [01;31m[Kerror: [m[Kâ€˜[01m[Krclcpp::QosPolicyKind[m[Kâ€™ has not been declared
[4.126s]    86 |     rclcpp::[01;31m[KQosPolicyKind[m[K::Depth,
[4.126s]       |             [01;31m[K^~~~~~~~~~~~~[m[K
[4.126s] [01m[K/home/yy/robot_ws/image_common/image_transport/test/test_qos_override.cpp:87:13:[m[K [01;31m[Kerror: [m[Kâ€˜[01m[Krclcpp::QosPolicyKind[m[Kâ€™ has not been declared
[4.126s]    87 |     rclcpp::[01;31m[KQosPolicyKind[m[K::Durability,
[4.127s]       |             [01;31m[K^~~~~~~~~~~~~[m[K
[4.127s] [01m[K/home/yy/robot_ws/image_common/image_transport/test/test_qos_override.cpp:88:13:[m[K [01;31m[Kerror: [m[Kâ€˜[01m[Krclcpp::QosPolicyKind[m[Kâ€™ has not been declared
[4.127s]    88 |     rclcpp::[01;31m[KQosPolicyKind[m[K::History,
[4.127s]       |             [01;31m[K^~~~~~~~~~~~~[m[K
[4.127s] [01m[K/home/yy/robot_ws/image_common/image_transport/test/test_qos_override.cpp:89:13:[m[K [01;31m[Kerror: [m[Kâ€˜[01m[Krclcpp::QosPolicyKind[m[Kâ€™ has not been declared
[4.127s]    89 |     rclcpp::[01;31m[KQosPolicyKind[m[K::Reliability,
[4.127s]       |             [01;31m[K^~~~~~~~~~~~~[m[K
[4.127s] In file included from [01m[K/opt/ros/foxy/src/gtest_vendor/include/gtest/gtest.h:384[m[K,
[4.127s]                  from [01m[K/home/yy/robot_ws/image_common/image_transport/test/test_qos_override.cpp:29[m[K:
[4.128s] [01m[K/home/yy/robot_ws/image_common/image_transport/test/test_qos_override.cpp:95:60:[m[K [01;31m[Kerror: [m[Kno matching function for call to â€˜[01m[Krclcpp::QoS::reliability()[m[Kâ€™
[4.128s]    95 |   EXPECT_EQ(endpoint_info_vec[0].qos_profile().reliability([01;31m[K)[m[K, rclcpp::ReliabilityPolicy::Reliable);
[4.128s]       |                                                            [01;31m[K^[m[K
[4.128s] [01m[K/opt/ros/foxy/src/gtest_vendor/include/gtest/gtest_pred_impl.h:76:52:[m[K [01;36m[Knote: [m[Kin definition of macro â€˜[01m[KGTEST_ASSERT_[m[Kâ€™
[4.128s]    76 |   if (const ::testing::AssertionResult gtest_ar = ([01;36m[Kexpression[m[K)) \
[4.128s]       |                                                    [01;36m[K^~~~~~~~~~[m[K
[4.128s] [01m[K/opt/ros/foxy/src/gtest_vendor/include/gtest/gtest_pred_impl.h:161:3:[m[K [01;36m[Knote: [m[Kin expansion of macro â€˜[01m[KGTEST_PRED_FORMAT2_[m[Kâ€™
[4.128s]   161 |   [01;36m[KGTEST_PRED_FORMAT2_[m[K(pred_format, v1, v2, GTEST_NONFATAL_FAILURE_)
[4.128s]       |   [01;36m[K^~~~~~~~~~~~~~~~~~~[m[K
[4.129s] [01m[K/opt/ros/foxy/src/gtest_vendor/include/gtest/gtest.h:1996:3:[m[K [01;36m[Knote: [m[Kin expansion of macro â€˜[01m[KEXPECT_PRED_FORMAT2[m[Kâ€™
[4.129s]  1996 |   [01;36m[KEXPECT_PRED_FORMAT2[m[K(::testing::internal:: \
[4.129s]       |   [01;36m[K^~~~~~~~~~~~~~~~~~~[m[K
[4.129s] [01m[K/opt/ros/foxy/src/gtest_vendor/include/gtest/gtest.h:1997:32:[m[K [01;36m[Knote: [m[Kin expansion of macro â€˜[01m[KGTEST_IS_NULL_LITERAL_[m[Kâ€™
[4.129s]  1997 |                       EqHelper<[01;36m[KGTEST_IS_NULL_LITERAL_[m[K(val1)>::Compare, \
[4.129s]       |                                [01;36m[K^~~~~~~~~~~~~~~~~~~~~~[m[K
[4.129s] [01m[K/home/yy/robot_ws/image_common/image_transport/test/test_qos_override.cpp:95:3:[m[K [01;36m[Knote: [m[Kin expansion of macro â€˜[01m[KEXPECT_EQ[m[Kâ€™
[4.129s]    95 |   [01;36m[KEXPECT_EQ[m[K(endpoint_info_vec[0].qos_profile().reliability(), rclcpp::ReliabilityPolicy::Reliable);
[4.129s]       |   [01;36m[K^~~~~~~~~[m[K
[4.130s] In file included from [01m[K/opt/ros/foxy/include/rclcpp/node_interfaces/node_graph_interface.hpp:31[m[K,
[4.130s]                  from [01m[K/opt/ros/foxy/include/rclcpp/client.hpp:34[m[K,
[4.130s]                  from [01m[K/opt/ros/foxy/include/rclcpp/callback_group.hpp:23[m[K,
[4.130s]                  from [01m[K/opt/ros/foxy/include/rclcpp/any_executable.hpp:20[m[K,
[4.130s]                  from [01m[K/opt/ros/foxy/include/rclcpp/memory_strategy.hpp:24[m[K,
[4.130s]                  from [01m[K/opt/ros/foxy/include/rclcpp/memory_strategies.hpp:18[m[K,
[4.130s]                  from [01m[K/opt/ros/foxy/include/rclcpp/executor_options.hpp:20[m[K,
[4.130s]                  from [01m[K/opt/ros/foxy/include/rclcpp/executor.hpp:33[m[K,
[4.130s]                  from [01m[K/opt/ros/foxy/include/rclcpp/executors/multi_threaded_executor.hpp:26[m[K,
[4.131s]                  from [01m[K/opt/ros/foxy/include/rclcpp/executors.hpp:21[m[K,
[4.131s]                  from [01m[K/opt/ros/foxy/include/rclcpp/rclcpp.hpp:146[m[K,
[4.131s]                  from [01m[K/home/yy/robot_ws/image_common/image_transport/test/test_qos_override.cpp:34[m[K:
[4.131s] [01m[K/opt/ros/foxy/include/rclcpp/qos.hpp:98:3:[m[K [01;36m[Knote: [m[Kcandidate: â€˜[01m[Krclcpp::QoS& rclcpp::QoS::reliability(rmw_qos_reliability_policy_t)[m[Kâ€™
[4.131s]    98 |   [01;36m[Kreliability[m[K(rmw_qos_reliability_policy_t reliability);
[4.131s]       |   [01;36m[K^~~~~~~~~~~[m[K
[4.131s] [01m[K/opt/ros/foxy/include/rclcpp/qos.hpp:98:3:[m[K [01;36m[Knote: [m[K  candidate expects 1 argument, 0 provided
[4.131s] In file included from [01m[K/opt/ros/foxy/src/gtest_vendor/include/gtest/gtest.h:384[m[K,
[4.131s]                  from [01m[K/home/yy/robot_ws/image_common/image_transport/test/test_qos_override.cpp:29[m[K:
[4.132s] [01m[K/opt/ros/foxy/src/gtest_vendor/include/gtest/gtest.h:1997:60:[m[K [01;31m[Kerror: [m[Ktemplate argument 1 is invalid
[4.132s]  1997 |                       EqHelper<GTEST_IS_NULL_LITERAL_(val1)[01;31m[K>[m[K::Compare, \
[4.132s]       |                                                            [01;31m[K^[m[K
[4.132s] [01m[K/opt/ros/foxy/src/gtest_vendor/include/gtest/gtest_pred_impl.h:76:52:[m[K [01;36m[Knote: [m[Kin definition of macro â€˜[01m[KGTEST_ASSERT_[m[Kâ€™
[4.132s]    76 |   if (const ::testing::AssertionResult gtest_ar = ([01;36m[Kexpression[m[K)) \
[4.132s]       |                                                    [01;36m[K^~~~~~~~~~[m[K
[4.132s] [01m[K/opt/ros/foxy/src/gtest_vendor/include/gtest/gtest_pred_impl.h:161:3:[m[K [01;36m[Knote: [m[Kin expansion of macro â€˜[01m[KGTEST_PRED_FORMAT2_[m[Kâ€™
[4.133s]   161 |   [01;36m[KGTEST_PRED_FORMAT2_[m[K(pred_format, v1, v2, GTEST_NONFATAL_FAILURE_)
[4.133s]       |   [01;36m[K^~~~~~~~~~~~~~~~~~~[m[K
[4.133s] [01m[K/opt/ros/foxy/src/gtest_vendor/include/gtest/gtest.h:1996:3:[m[K [01;36m[Knote: [m[Kin expansion of macro â€˜[01m[KEXPECT_PRED_FORMAT2[m[Kâ€™
[4.133s]  1996 |   [01;36m[KEXPECT_PRED_FORMAT2[m[K(::testing::internal:: \
[4.133s]       |   [01;36m[K^~~~~~~~~~~~~~~~~~~[m[K
[4.133s] [01m[K/home/yy/robot_ws/image_common/image_transport/test/test_qos_override.cpp:95:3:[m[K [01;36m[Knote: [m[Kin expansion of macro â€˜[01m[KEXPECT_EQ[m[Kâ€™
[4.133s]    95 |   [01;36m[KEXPECT_EQ[m[K(endpoint_info_vec[0].qos_profile().reliability(), rclcpp::ReliabilityPolicy::Reliable);
[4.133s]       |   [01;36m[K^~~~~~~~~[m[K
[4.134s] [01m[K/home/yy/robot_ws/image_common/image_transport/test/test_qos_override.cpp:95:60:[m[K [01;31m[Kerror: [m[Kno matching function for call to â€˜[01m[Krclcpp::QoS::reliability()[m[Kâ€™
[4.134s]    95 |   EXPECT_EQ(endpoint_info_vec[0].qos_profile().reliability([01;31m[K)[m[K, rclcpp::ReliabilityPolicy::Reliable);
[4.134s]       |                                                            [01;31m[K^[m[K
[4.135s] [01m[K/opt/ros/foxy/src/gtest_vendor/include/gtest/gtest_pred_impl.h:76:52:[m[K [01;36m[Knote: [m[Kin definition of macro â€˜[01m[KGTEST_ASSERT_[m[Kâ€™
[4.135s]    76 |   if (const ::testing::AssertionResult gtest_ar = ([01;36m[Kexpression[m[K)) \
[4.135s]       |                                                    [01;36m[K^~~~~~~~~~[m[K
[4.135s] [01m[K/opt/ros/foxy/src/gtest_vendor/include/gtest/gtest_pred_impl.h:161:3:[m[K [01;36m[Knote: [m[Kin expansion of macro â€˜[01m[KGTEST_PRED_FORMAT2_[m[Kâ€™
[4.135s]   161 |   [01;36m[KGTEST_PRED_FORMAT2_[m[K(pred_format, v1, v2, GTEST_NONFATAL_FAILURE_)
[4.135s]       |   [01;36m[K^~~~~~~~~~~~~~~~~~~[m[K
[4.135s] [01m[K/opt/ros/foxy/src/gtest_vendor/include/gtest/gtest.h:1996:3:[m[K [01;36m[Knote: [m[Kin expansion of macro â€˜[01m[KEXPECT_PRED_FORMAT2[m[Kâ€™
[4.135s]  1996 |   [01;36m[KEXPECT_PRED_FORMAT2[m[K(::testing::internal:: \
[4.135s]       |   [01;36m[K^~~~~~~~~~~~~~~~~~~[m[K
[4.136s] [01m[K/home/yy/robot_ws/image_common/image_transport/test/test_qos_override.cpp:95:3:[m[K [01;36m[Knote: [m[Kin expansion of macro â€˜[01m[KEXPECT_EQ[m[Kâ€™
[4.136s]    95 |   [01;36m[KEXPECT_EQ[m[K(endpoint_info_vec[0].qos_profile().reliability(), rclcpp::ReliabilityPolicy::Reliable);
[4.136s]       |   [01;36m[K^~~~~~~~~[m[K
[4.136s] In file included from [01m[K/opt/ros/foxy/include/rclcpp/node_interfaces/node_graph_interface.hpp:31[m[K,
[4.136s]                  from [01m[K/opt/ros/foxy/include/rclcpp/client.hpp:34[m[K,
[4.136s]                  from [01m[K/opt/ros/foxy/include/rclcpp/callback_group.hpp:23[m[K,
[4.136s]                  from [01m[K/opt/ros/foxy/include/rclcpp/any_executable.hpp:20[m[K,
[4.136s]                  from [01m[K/opt/ros/foxy/include/rclcpp/memory_strategy.hpp:24[m[K,
[4.136s]                  from [01m[K/opt/ros/foxy/include/rclcpp/memory_strategies.hpp:18[m[K,
[4.137s]                  from [01m[K/opt/ros/foxy/include/rclcpp/executor_options.hpp:20[m[K,
[4.137s]                  from [01m[K/opt/ros/foxy/include/rclcpp/executor.hpp:33[m[K,
[4.137s]                  from [01m[K/opt/ros/foxy/include/rclcpp/executors/multi_threaded_executor.hpp:26[m[K,
[4.137s]                  from [01m[K/opt/ros/foxy/include/rclcpp/executors.hpp:21[m[K,
[4.137s]                  from [01m[K/opt/ros/foxy/include/rclcpp/rclcpp.hpp:146[m[K,
[4.137s]                  from [01m[K/home/yy/robot_ws/image_common/image_transport/test/test_qos_override.cpp:34[m[K:
[4.137s] [01m[K/opt/ros/foxy/include/rclcpp/qos.hpp:98:3:[m[K [01;36m[Knote: [m[Kcandidate: â€˜[01m[Krclcpp::QoS& rclcpp::QoS::reliability(rmw_qos_reliability_policy_t)[m[Kâ€™
[4.137s]    98 |   [01;36m[Kreliability[m[K(rmw_qos_reliability_policy_t reliability);
[4.137s]       |   [01;36m[K^~~~~~~~~~~[m[K
[4.138s] [01m[K/opt/ros/foxy/include/rclcpp/qos.hpp:98:3:[m[K [01;36m[Knote: [m[K  candidate expects 1 argument, 0 provided
[4.138s] In file included from [01m[K/opt/ros/foxy/src/gtest_vendor/include/gtest/gtest.h:384[m[K,
[4.138s]                  from [01m[K/home/yy/robot_ws/image_common/image_transport/test/test_qos_override.cpp:29[m[K:
[4.138s] [01m[K/home/yy/robot_ws/image_common/image_transport/test/test_qos_override.cpp:95:71:[m[K [01;31m[Kerror: [m[Kâ€˜[01m[Krclcpp::ReliabilityPolicy[m[Kâ€™ has not been declared
[4.138s]    95 |   EXPECT_EQ(endpoint_info_vec[0].qos_profile().reliability(), rclcpp::[01;31m[KReliabilityPolicy[m[K::Reliable);
[4.138s]       |                                                                       [01;31m[K^~~~~~~~~~~~~~~~~[m[K
[4.138s] [01m[K/opt/ros/foxy/src/gtest_vendor/include/gtest/gtest_pred_impl.h:76:52:[m[K [01;36m[Knote: [m[Kin definition of macro â€˜[01m[KGTEST_ASSERT_[m[Kâ€™
[4.138s]    76 |   if (const ::testing::AssertionResult gtest_ar = ([01;36m[Kexpression[m[K)) \
[4.138s]       |                                                    [01;36m[K^~~~~~~~~~[m[K
[4.139s] [01m[K/opt/ros/foxy/src/gtest_vendor/include/gtest/gtest_pred_impl.h:161:3:[m[K [01;36m[Knote: [m[Kin expansion of macro â€˜[01m[KGTEST_PRED_FORMAT2_[m[Kâ€™
[4.139s]   161 |   [01;36m[KGTEST_PRED_FORMAT2_[m[K(pred_format, v1, v2, GTEST_NONFATAL_FAILURE_)
[4.139s]       |   [01;36m[K^~~~~~~~~~~~~~~~~~~[m[K
[4.139s] [01m[K/opt/ros/foxy/src/gtest_vendor/include/gtest/gtest.h:1996:3:[m[K [01;36m[Knote: [m[Kin expansion of macro â€˜[01m[KEXPECT_PRED_FORMAT2[m[Kâ€™
[4.139s]  1996 |   [01;36m[KEXPECT_PRED_FORMAT2[m[K(::testing::internal:: \
[4.139s]       |   [01;36m[K^~~~~~~~~~~~~~~~~~~[m[K
[4.139s] [01m[K/home/yy/robot_ws/image_common/image_transport/test/test_qos_override.cpp:95:3:[m[K [01;36m[Knote: [m[Kin expansion of macro â€˜[01m[KEXPECT_EQ[m[Kâ€™
[4.139s]    95 |   [01;36m[KEXPECT_EQ[m[K(endpoint_info_vec[0].qos_profile().reliability(), rclcpp::ReliabilityPolicy::Reliable);
[4.139s]       |   [01;36m[K^~~~~~~~~[m[K
[4.140s] [01m[K/home/yy/robot_ws/image_common/image_transport/test/test_qos_override.cpp:103:52:[m[K [01;31m[Kerror: [m[Kno matching function for call to â€˜[01m[Krclcpp::QoS::reliability()[m[Kâ€™
[4.140s]   103 |     endpoint_info_vec[0].qos_profile().reliability([01;31m[K)[m[K,
[4.140s]       |                                                    [01;31m[K^[m[K
[4.140s] [01m[K/opt/ros/foxy/src/gtest_vendor/include/gtest/gtest_pred_impl.h:76:52:[m[K [01;36m[Knote: [m[Kin definition of macro â€˜[01m[KGTEST_ASSERT_[m[Kâ€™
[4.140s]    76 |   if (const ::testing::AssertionResult gtest_ar = ([01;36m[Kexpression[m[K)) \
[4.140s]       |                                                    [01;36m[K^~~~~~~~~~[m[K
[4.140s] [01m[K/opt/ros/foxy/src/gtest_vendor/include/gtest/gtest_pred_impl.h:161:3:[m[K [01;36m[Knote: [m[Kin expansion of macro â€˜[01m[KGTEST_PRED_FORMAT2_[m[Kâ€™
[4.140s]   161 |   [01;36m[KGTEST_PRED_FORMAT2_[m[K(pred_format, v1, v2, GTEST_NONFATAL_FAILURE_)
[4.141s]       |   [01;36m[K^~~~~~~~~~~~~~~~~~~[m[K
[4.141s] [01m[K/opt/ros/foxy/src/gtest_vendor/include/gtest/gtest.h:1996:3:[m[K [01;36m[Knote: [m[Kin expansion of macro â€˜[01m[KEXPECT_PRED_FORMAT2[m[Kâ€™
[4.141s]  1996 |   [01;36m[KEXPECT_PRED_FORMAT2[m[K(::testing::internal:: \
[4.141s]       |   [01;36m[K^~~~~~~~~~~~~~~~~~~[m[K
[4.141s] [01m[K/opt/ros/foxy/src/gtest_vendor/include/gtest/gtest.h:1997:32:[m[K [01;36m[Knote: [m[Kin expansion of macro â€˜[01m[KGTEST_IS_NULL_LITERAL_[m[Kâ€™
[4.141s]  1997 |                       EqHelper<[01;36m[KGTEST_IS_NULL_LITERAL_[m[K(val1)>::Compare, \
[4.141s]       |                                [01;36m[K^~~~~~~~~~~~~~~~~~~~~~[m[K
[4.141s] [01m[K/home/yy/robot_ws/image_common/image_transport/test/test_qos_override.cpp:102:3:[m[K [01;36m[Knote: [m[Kin expansion of macro â€˜[01m[KEXPECT_EQ[m[Kâ€™
[4.141s]   102 |   [01;36m[KEXPECT_EQ[m[K(
[4.142s]       |   [01;36m[K^~~~~~~~~[m[K
[4.142s] In file included from [01m[K/opt/ros/foxy/include/rclcpp/node_interfaces/node_graph_interface.hpp:31[m[K,
[4.142s]                  from [01m[K/opt/ros/foxy/include/rclcpp/client.hpp:34[m[K,
[4.142s]                  from [01m[K/opt/ros/foxy/include/rclcpp/callback_group.hpp:23[m[K,
[4.142s]                  from [01m[K/opt/ros/foxy/include/rclcpp/any_executable.hpp:20[m[K,
[4.142s]                  from [01m[K/opt/ros/foxy/include/rclcpp/memory_strategy.hpp:24[m[K,
[4.142s]                  from [01m[K/opt/ros/foxy/include/rclcpp/memory_strategies.hpp:18[m[K,
[4.142s]                  from [01m[K/opt/ros/foxy/include/rclcpp/executor_options.hpp:20[m[K,
[4.142s]                  from [01m[K/opt/ros/foxy/include/rclcpp/executor.hpp:33[m[K,
[4.143s]                  from [01m[K/opt/ros/foxy/include/rclcpp/executors/multi_threaded_executor.hpp:26[m[K,
[4.143s]                  from [01m[K/opt/ros/foxy/include/rclcpp/executors.hpp:21[m[K,
[4.143s]                  from [01m[K/opt/ros/foxy/include/rclcpp/rclcpp.hpp:146[m[K,
[4.143s]                  from [01m[K/home/yy/robot_ws/image_common/image_transport/test/test_qos_override.cpp:34[m[K:
[4.145s] [01m[K/opt/ros/foxy/include/rclcpp/qos.hpp:98:3:[m[K [01;36m[Knote: [m[Kcandidate: â€˜[01m[Krclcpp::QoS& rclcpp::QoS::reliability(rmw_qos_reliability_policy_t)[m[Kâ€™
[4.145s]    98 |   [01;36m[Kreliability[m[K(rmw_qos_reliability_policy_t reliability);
[4.145s]       |   [01;36m[K^~~~~~~~~~~[m[K
[4.145s] [01m[K/opt/ros/foxy/include/rclcpp/qos.hpp:98:3:[m[K [01;36m[Knote: [m[K  candidate expects 1 argument, 0 provided
[4.146s] In file included from [01m[K/opt/ros/foxy/src/gtest_vendor/include/gtest/gtest.h:384[m[K,
[4.146s]                  from [01m[K/home/yy/robot_ws/image_common/image_transport/test/test_qos_override.cpp:29[m[K:
[4.146s] [01m[K/opt/ros/foxy/src/gtest_vendor/include/gtest/gtest.h:1997:60:[m[K [01;31m[Kerror: [m[Ktemplate argument 1 is invalid
[4.146s]  1997 |                       EqHelper<GTEST_IS_NULL_LITERAL_(val1)[01;31m[K>[m[K::Compare, \
[4.146s]       |                                                            [01;31m[K^[m[K
[4.146s] [01m[K/opt/ros/foxy/src/gtest_vendor/include/gtest/gtest_pred_impl.h:76:52:[m[K [01;36m[Knote: [m[Kin definition of macro â€˜[01m[KGTEST_ASSERT_[m[Kâ€™
[4.146s]    76 |   if (const ::testing::AssertionResult gtest_ar = ([01;36m[Kexpression[m[K)) \
[4.146s]       |                                                    [01;36m[K^~~~~~~~~~[m[K
[4.147s] [01m[K/opt/ros/foxy/src/gtest_vendor/include/gtest/gtest_pred_impl.h:161:3:[m[K [01;36m[Knote: [m[Kin expansion of macro â€˜[01m[KGTEST_PRED_FORMAT2_[m[Kâ€™
[4.147s]   161 |   [01;36m[KGTEST_PRED_FORMAT2_[m[K(pred_format, v1, v2, GTEST_NONFATAL_FAILURE_)
[4.147s]       |   [01;36m[K^~~~~~~~~~~~~~~~~~~[m[K
[4.147s] [01m[K/opt/ros/foxy/src/gtest_vendor/include/gtest/gtest.h:1996:3:[m[K [01;36m[Knote: [m[Kin expansion of macro â€˜[01m[KEXPECT_PRED_FORMAT2[m[Kâ€™
[4.147s]  1996 |   [01;36m[KEXPECT_PRED_FORMAT2[m[K(::testing::internal:: \
[4.147s]       |   [01;36m[K^~~~~~~~~~~~~~~~~~~[m[K
[4.147s] [01m[K/home/yy/robot_ws/image_common/image_transport/test/test_qos_override.cpp:102:3:[m[K [01;36m[Knote: [m[Kin expansion of macro â€˜[01m[KEXPECT_EQ[m[Kâ€™
[4.147s]   102 |   [01;36m[KEXPECT_EQ[m[K(
[4.147s]       |   [01;36m[K^~~~~~~~~[m[K
[4.148s] [01m[K/home/yy/robot_ws/image_common/image_transport/test/test_qos_override.cpp:103:52:[m[K [01;31m[Kerror: [m[Kno matching function for call to â€˜[01m[Krclcpp::QoS::reliability()[m[Kâ€™
[4.148s]   103 |     endpoint_info_vec[0].qos_profile().reliability([01;31m[K)[m[K,
[4.148s]       |                                                    [01;31m[K^[m[K
[4.148s] [01m[K/opt/ros/foxy/src/gtest_vendor/include/gtest/gtest_pred_impl.h:76:52:[m[K [01;36m[Knote: [m[Kin definition of macro â€˜[01m[KGTEST_ASSERT_[m[Kâ€™
[4.149s]    76 |   if (const ::testing::AssertionResult gtest_ar = ([01;36m[Kexpression[m[K)) \
[4.149s]       |                                                    [01;36m[K^~~~~~~~~~[m[K
[4.149s] [01m[K/opt/ros/foxy/src/gtest_vendor/include/gtest/gtest_pred_impl.h:161:3:[m[K [01;36m[Knote: [m[Kin expansion of macro â€˜[01m[KGTEST_PRED_FORMAT2_[m[Kâ€™
[4.149s]   161 |   [01;36m[KGTEST_PRED_FORMAT2_[m[K(pred_format, v1, v2, GTEST_NONFATAL_FAILURE_)
[4.149s]       |   [01;36m[K^~~~~~~~~~~~~~~~~~~[m[K
[4.149s] [01m[K/opt/ros/foxy/src/gtest_vendor/include/gtest/gtest.h:1996:3:[m[K [01;36m[Knote: [m[Kin expansion of macro â€˜[01m[KEXPECT_PRED_FORMAT2[m[Kâ€™
[4.149s]  1996 |   [01;36m[KEXPECT_PRED_FORMAT2[m[K(::testing::internal:: \
[4.150s]       |   [01;36m[K^~~~~~~~~~~~~~~~~~~[m[K
[4.150s] [01m[K/home/yy/robot_ws/image_common/image_transport/test/test_qos_override.cpp:102:3:[m[K [01;36m[Knote: [m[Kin expansion of macro â€˜[01m[KEXPECT_EQ[m[Kâ€™
[4.150s]   102 |   [01;36m[KEXPECT_EQ[m[K(
[4.150s]       |   [01;36m[K^~~~~~~~~[m[K
[4.150s] In file included from [01m[K/opt/ros/foxy/include/rclcpp/node_interfaces/node_graph_interface.hpp:31[m[K,
[4.150s]                  from [01m[K/opt/ros/foxy/include/rclcpp/client.hpp:34[m[K,
[4.150s]                  from [01m[K/opt/ros/foxy/include/rclcpp/callback_group.hpp:23[m[K,
[4.150s]                  from [01m[K/opt/ros/foxy/include/rclcpp/any_executable.hpp:20[m[K,
[4.150s]                  from [01m[K/opt/ros/foxy/include/rclcpp/memory_strategy.hpp:24[m[K,
[4.151s]                  from [01m[K/opt/ros/foxy/include/rclcpp/memory_strategies.hpp:18[m[K,
[4.151s]                  from [01m[K/opt/ros/foxy/include/rclcpp/executor_options.hpp:20[m[K,
[4.151s]                  from [01m[K/opt/ros/foxy/include/rclcpp/executor.hpp:33[m[K,
[4.151s]                  from [01m[K/opt/ros/foxy/include/rclcpp/executors/multi_threaded_executor.hpp:26[m[K,
[4.151s]                  from [01m[K/opt/ros/foxy/include/rclcpp/executors.hpp:21[m[K,
[4.151s]                  from [01m[K/opt/ros/foxy/include/rclcpp/rclcpp.hpp:146[m[K,
[4.151s]                  from [01m[K/home/yy/robot_ws/image_common/image_transport/test/test_qos_override.cpp:34[m[K:
[4.151s] [01m[K/opt/ros/foxy/include/rclcpp/qos.hpp:98:3:[m[K [01;36m[Knote: [m[Kcandidate: â€˜[01m[Krclcpp::QoS& rclcpp::QoS::reliability(rmw_qos_reliability_policy_t)[m[Kâ€™
[4.151s]    98 |   [01;36m[Kreliability[m[K(rmw_qos_reliability_policy_t reliability);
[4.152s]       |   [01;36m[K^~~~~~~~~~~[m[K
[4.152s] [01m[K/opt/ros/foxy/include/rclcpp/qos.hpp:98:3:[m[K [01;36m[Knote: [m[K  candidate expects 1 argument, 0 provided
[4.152s] In file included from [01m[K/opt/ros/foxy/src/gtest_vendor/include/gtest/gtest.h:384[m[K,
[4.152s]                  from [01m[K/home/yy/robot_ws/image_common/image_transport/test/test_qos_override.cpp:29[m[K:
[4.152s] [01m[K/home/yy/robot_ws/image_common/image_transport/test/test_qos_override.cpp:104:13:[m[K [01;31m[Kerror: [m[Kâ€˜[01m[Krclcpp::ReliabilityPolicy[m[Kâ€™ has not been declared
[4.152s]   104 |     rclcpp::[01;31m[KReliabilityPolicy[m[K::BestEffort);
[4.152s]       |             [01;31m[K^~~~~~~~~~~~~~~~~[m[K
[4.152s] [01m[K/opt/ros/foxy/src/gtest_vendor/include/gtest/gtest_pred_impl.h:76:52:[m[K [01;36m[Knote: [m[Kin definition of macro â€˜[01m[KGTEST_ASSERT_[m[Kâ€™
[4.152s]    76 |   if (const ::testing::AssertionResult gtest_ar = ([01;36m[Kexpression[m[K)) \
[4.153s]       |                                                    [01;36m[K^~~~~~~~~~[m[K
[4.153s] [01m[K/opt/ros/foxy/src/gtest_vendor/include/gtest/gtest_pred_impl.h:161:3:[m[K [01;36m[Knote: [m[Kin expansion of macro â€˜[01m[KGTEST_PRED_FORMAT2_[m[Kâ€™
[4.153s]   161 |   [01;36m[KGTEST_PRED_FORMAT2_[m[K(pred_format, v1, v2, GTEST_NONFATAL_FAILURE_)
[4.153s]       |   [01;36m[K^~~~~~~~~~~~~~~~~~~[m[K
[4.153s] [01m[K/opt/ros/foxy/src/gtest_vendor/include/gtest/gtest.h:1996:3:[m[K [01;36m[Knote: [m[Kin expansion of macro â€˜[01m[KEXPECT_PRED_FORMAT2[m[Kâ€™
[4.153s]  1996 |   [01;36m[KEXPECT_PRED_FORMAT2[m[K(::testing::internal:: \
[4.153s]       |   [01;36m[K^~~~~~~~~~~~~~~~~~~[m[K
[4.153s] [01m[K/home/yy/robot_ws/image_common/image_transport/test/test_qos_override.cpp:102:3:[m[K [01;36m[Knote: [m[Kin expansion of macro â€˜[01m[KEXPECT_EQ[m[Kâ€™
[4.153s]   102 |   [01;36m[KEXPECT_EQ[m[K(
[4.154s]       |   [01;36m[K^~~~~~~~~[m[K
[4.154s] [01m[K/home/yy/robot_ws/image_common/image_transport/test/test_qos_override.cpp:[m[K In member function â€˜[01m[Kvirtual void TestQosOverride_qos_override_subscriber_without_options_Test::TestBody()[m[Kâ€™:
[4.154s] [01m[K/home/yy/robot_ws/image_common/image_transport/test/test_qos_override.cpp:115:60:[m[K [01;31m[Kerror: [m[Kno matching function for call to â€˜[01m[Krclcpp::QoS::reliability()[m[Kâ€™
[4.154s]   115 |   EXPECT_EQ(endpoint_info_vec[0].qos_profile().reliability([01;31m[K)[m[K, rclcpp::ReliabilityPolicy::Reliable);
[4.154s]       |                                                            [01;31m[K^[m[K
[4.154s] [01m[K/opt/ros/foxy/src/gtest_vendor/include/gtest/gtest_pred_impl.h:76:52:[m[K [01;36m[Knote: [m[Kin definition of macro â€˜[01m[KGTEST_ASSERT_[m[Kâ€™
[4.154s]    76 |   if (const ::testing::AssertionResult gtest_ar = ([01;36m[Kexpression[m[K)) \
[4.154s]       |                                                    [01;36m[K^~~~~~~~~~[m[K
[4.154s] [01m[K/opt/ros/foxy/src/gtest_vendor/include/gtest/gtest_pred_impl.h:161:3:[m[K [01;36m[Knote: [m[Kin expansion of macro â€˜[01m[KGTEST_PRED_FORMAT2_[m[Kâ€™
[4.155s]   161 |   [01;36m[KGTEST_PRED_FORMAT2_[m[K(pred_format, v1, v2, GTEST_NONFATAL_FAILURE_)
[4.155s]       |   [01;36m[K^~~~~~~~~~~~~~~~~~~[m[K
[4.155s] [01m[K/opt/ros/foxy/src/gtest_vendor/include/gtest/gtest.h:1996:3:[m[K [01;36m[Knote: [m[Kin expansion of macro â€˜[01m[KEXPECT_PRED_FORMAT2[m[Kâ€™
[4.155s]  1996 |   [01;36m[KEXPECT_PRED_FORMAT2[m[K(::testing::internal:: \
[4.155s]       |   [01;36m[K^~~~~~~~~~~~~~~~~~~[m[K
[4.155s] [01m[K/opt/ros/foxy/src/gtest_vendor/include/gtest/gtest.h:1997:32:[m[K [01;36m[Knote: [m[Kin expansion of macro â€˜[01m[KGTEST_IS_NULL_LITERAL_[m[Kâ€™
[4.155s]  1997 |                       EqHelper<[01;36m[KGTEST_IS_NULL_LITERAL_[m[K(val1)>::Compare, \
[4.155s]       |                                [01;36m[K^~~~~~~~~~~~~~~~~~~~~~[m[K
[4.155s] [01m[K/home/yy/robot_ws/image_common/image_transport/test/test_qos_override.cpp:115:3:[m[K [01;36m[Knote: [m[Kin expansion of macro â€˜[01m[KEXPECT_EQ[m[Kâ€™
[4.156s]   115 |   [01;36m[KEXPECT_EQ[m[K(endpoint_info_vec[0].qos_profile().reliability(), rclcpp::ReliabilityPolicy::Reliable);
[4.156s]       |   [01;36m[K^~~~~~~~~[m[K
[4.156s] In file included from [01m[K/opt/ros/foxy/include/rclcpp/node_interfaces/node_graph_interface.hpp:31[m[K,
[4.156s]                  from [01m[K/opt/ros/foxy/include/rclcpp/client.hpp:34[m[K,
[4.156s]                  from [01m[K/opt/ros/foxy/include/rclcpp/callback_group.hpp:23[m[K,
[4.156s]                  from [01m[K/opt/ros/foxy/include/rclcpp/any_executable.hpp:20[m[K,
[4.156s]                  from [01m[K/opt/ros/foxy/include/rclcpp/memory_strategy.hpp:24[m[K,
[4.156s]                  from [01m[K/opt/ros/foxy/include/rclcpp/memory_strategies.hpp:18[m[K,
[4.156s]                  from [01m[K/opt/ros/foxy/include/rclcpp/executor_options.hpp:20[m[K,
[4.156s]                  from [01m[K/opt/ros/foxy/include/rclcpp/executor.hpp:33[m[K,
[4.157s]                  from [01m[K/opt/ros/foxy/include/rclcpp/executors/multi_threaded_executor.hpp:26[m[K,
[4.157s]                  from [01m[K/opt/ros/foxy/include/rclcpp/executors.hpp:21[m[K,
[4.157s]                  from [01m[K/opt/ros/foxy/include/rclcpp/rclcpp.hpp:146[m[K,
[4.157s]                  from [01m[K/home/yy/robot_ws/image_common/image_transport/test/test_qos_override.cpp:34[m[K:
[4.157s] [01m[K/opt/ros/foxy/include/rclcpp/qos.hpp:98:3:[m[K [01;36m[Knote: [m[Kcandidate: â€˜[01m[Krclcpp::QoS& rclcpp::QoS::reliability(rmw_qos_reliability_policy_t)[m[Kâ€™
[4.157s]    98 |   [01;36m[Kreliability[m[K(rmw_qos_reliability_policy_t reliability);
[4.157s]       |   [01;36m[K^~~~~~~~~~~[m[K
[4.158s] [01m[K/opt/ros/foxy/include/rclcpp/qos.hpp:98:3:[m[K [01;36m[Knote: [m[K  candidate expects 1 argument, 0 provided
[4.158s] In file included from [01m[K/opt/ros/foxy/src/gtest_vendor/include/gtest/gtest.h:384[m[K,
[4.158s]                  from [01m[K/home/yy/robot_ws/image_common/image_transport/test/test_qos_override.cpp:29[m[K:
[4.158s] [01m[K/opt/ros/foxy/src/gtest_vendor/include/gtest/gtest.h:1997:60:[m[K [01;31m[Kerror: [m[Ktemplate argument 1 is invalid
[4.158s]  1997 |                       EqHelper<GTEST_IS_NULL_LITERAL_(val1)[01;31m[K>[m[K::Compare, \
[4.158s]       |                                                            [01;31m[K^[m[K
[4.158s] [01m[K/opt/ros/foxy/src/gtest_vendor/include/gtest/gtest_pred_impl.h:76:52:[m[K [01;36m[Knote: [m[Kin definition of macro â€˜[01m[KGTEST_ASSERT_[m[Kâ€™
[4.158s]    76 |   if (const ::testing::AssertionResult gtest_ar = ([01;36m[Kexpression[m[K)) \
[4.158s]       |                                                    [01;36m[K^~~~~~~~~~[m[K
[4.159s] [01m[K/opt/ros/foxy/src/gtest_vendor/include/gtest/gtest_pred_impl.h:161:3:[m[K [01;36m[Knote: [m[Kin expansion of macro â€˜[01m[KGTEST_PRED_FORMAT2_[m[Kâ€™
[4.159s]   161 |   [01;36m[KGTEST_PRED_FORMAT2_[m[K(pred_format, v1, v2, GTEST_NONFATAL_FAILURE_)
[4.159s]       |   [01;36m[K^~~~~~~~~~~~~~~~~~~[m[K
[4.159s] [01m[K/opt/ros/foxy/src/gtest_vendor/include/gtest/gtest.h:1996:3:[m[K [01;36m[Knote: [m[Kin expansion of macro â€˜[01m[KEXPECT_PRED_FORMAT2[m[Kâ€™
[4.159s]  1996 |   [01;36m[KEXPECT_PRED_FORMAT2[m[K(::testing::internal:: \
[4.159s]       |   [01;36m[K^~~~~~~~~~~~~~~~~~~[m[K
[4.159s] [01m[K/home/yy/robot_ws/image_common/image_transport/test/test_qos_override.cpp:115:3:[m[K [01;36m[Knote: [m[Kin expansion of macro â€˜[01m[KEXPECT_EQ[m[Kâ€™
[4.159s]   115 |   [01;36m[KEXPECT_EQ[m[K(endpoint_info_vec[0].qos_profile().reliability(), rclcpp::ReliabilityPolicy::Reliable);
[4.159s]       |   [01;36m[K^~~~~~~~~[m[K
[4.160s] [01m[K/home/yy/robot_ws/image_common/image_transport/test/test_qos_override.cpp:115:60:[m[K [01;31m[Kerror: [m[Kno matching function for call to â€˜[01m[Krclcpp::QoS::reliability()[m[Kâ€™
[4.160s]   115 |   EXPECT_EQ(endpoint_info_vec[0].qos_profile().reliability([01;31m[K)[m[K, rclcpp::ReliabilityPolicy::Reliable);
[4.160s]       |                                                            [01;31m[K^[m[K
[4.160s] [01m[K/opt/ros/foxy/src/gtest_vendor/include/gtest/gtest_pred_impl.h:76:52:[m[K [01;36m[Knote: [m[Kin definition of macro â€˜[01m[KGTEST_ASSERT_[m[Kâ€™
[4.160s]    76 |   if (const ::testing::AssertionResult gtest_ar = ([01;36m[Kexpression[m[K)) \
[4.160s]       |                                                    [01;36m[K^~~~~~~~~~[m[K
[4.160s] [01m[K/opt/ros/foxy/src/gtest_vendor/include/gtest/gtest_pred_impl.h:161:3:[m[K [01;36m[Knote: [m[Kin expansion of macro â€˜[01m[KGTEST_PRED_FORMAT2_[m[Kâ€™
[4.160s]   161 |   [01;36m[KGTEST_PRED_FORMAT2_[m[K(pred_format, v1, v2, GTEST_NONFATAL_FAILURE_)
[4.160s]       |   [01;36m[K^~~~~~~~~~~~~~~~~~~[m[K
[4.161s] [01m[K/opt/ros/foxy/src/gtest_vendor/include/gtest/gtest.h:1996:3:[m[K [01;36m[Knote: [m[Kin expansion of macro â€˜[01m[KEXPECT_PRED_FORMAT2[m[Kâ€™
[4.161s]  1996 |   [01;36m[KEXPECT_PRED_FORMAT2[m[K(::testing::internal:: \
[4.161s]       |   [01;36m[K^~~~~~~~~~~~~~~~~~~[m[K
[4.161s] [01m[K/home/yy/robot_ws/image_common/image_transport/test/test_qos_override.cpp:115:3:[m[K [01;36m[Knote: [m[Kin expansion of macro â€˜[01m[KEXPECT_EQ[m[Kâ€™
[4.161s]   115 |   [01;36m[KEXPECT_EQ[m[K(endpoint_info_vec[0].qos_profile().reliability(), rclcpp::ReliabilityPolicy::Reliable);
[4.161s]       |   [01;36m[K^~~~~~~~~[m[K
[4.161s] In file included from [01m[K/opt/ros/foxy/include/rclcpp/node_interfaces/node_graph_interface.hpp:31[m[K,
[4.161s]                  from [01m[K/opt/ros/foxy/include/rclcpp/client.hpp:34[m[K,
[4.161s]                  from [01m[K/opt/ros/foxy/include/rclcpp/callback_group.hpp:23[m[K,
[4.162s]                  from [01m[K/opt/ros/foxy/include/rclcpp/any_executable.hpp:20[m[K,
[4.162s]                  from [01m[K/opt/ros/foxy/include/rclcpp/memory_strategy.hpp:24[m[K,
[4.162s]                  from [01m[K/opt/ros/foxy/include/rclcpp/memory_strategies.hpp:18[m[K,
[4.162s]                  from [01m[K/opt/ros/foxy/include/rclcpp/executor_options.hpp:20[m[K,
[4.162s]                  from [01m[K/opt/ros/foxy/include/rclcpp/executor.hpp:33[m[K,
[4.162s]                  from [01m[K/opt/ros/foxy/include/rclcpp/executors/multi_threaded_executor.hpp:26[m[K,
[4.162s]                  from [01m[K/opt/ros/foxy/include/rclcpp/executors.hpp:21[m[K,
[4.162s]                  from [01m[K/opt/ros/foxy/include/rclcpp/rclcpp.hpp:146[m[K,
[4.162s]                  from [01m[K/home/yy/robot_ws/image_common/image_transport/test/test_qos_override.cpp:34[m[K:
[4.163s] [01m[K/opt/ros/foxy/include/rclcpp/qos.hpp:98:3:[m[K [01;36m[Knote: [m[Kcandidate: â€˜[01m[Krclcpp::QoS& rclcpp::QoS::reliability(rmw_qos_reliability_policy_t)[m[Kâ€™
[4.163s]    98 |   [01;36m[Kreliability[m[K(rmw_qos_reliability_policy_t reliability);
[4.163s]       |   [01;36m[K^~~~~~~~~~~[m[K
[4.163s] [01m[K/opt/ros/foxy/include/rclcpp/qos.hpp:98:3:[m[K [01;36m[Knote: [m[K  candidate expects 1 argument, 0 provided
[4.163s] In file included from [01m[K/opt/ros/foxy/src/gtest_vendor/include/gtest/gtest.h:384[m[K,
[4.163s]                  from [01m[K/home/yy/robot_ws/image_common/image_transport/test/test_qos_override.cpp:29[m[K:
[4.163s] [01m[K/home/yy/robot_ws/image_common/image_transport/test/test_qos_override.cpp:115:71:[m[K [01;31m[Kerror: [m[Kâ€˜[01m[Krclcpp::ReliabilityPolicy[m[Kâ€™ has not been declared
[4.164s]   115 |   EXPECT_EQ(endpoint_info_vec[0].qos_profile().reliability(), rclcpp::[01;31m[KReliabilityPolicy[m[K::Reliable);
[4.164s]       |                                                                       [01;31m[K^~~~~~~~~~~~~~~~~[m[K
[4.164s] [01m[K/opt/ros/foxy/src/gtest_vendor/include/gtest/gtest_pred_impl.h:76:52:[m[K [01;36m[Knote: [m[Kin definition of macro â€˜[01m[KGTEST_ASSERT_[m[Kâ€™
[4.164s]    76 |   if (const ::testing::AssertionResult gtest_ar = ([01;36m[Kexpression[m[K)) \
[4.164s]       |                                                    [01;36m[K^~~~~~~~~~[m[K
[4.164s] [01m[K/opt/ros/foxy/src/gtest_vendor/include/gtest/gtest_pred_impl.h:161:3:[m[K [01;36m[Knote: [m[Kin expansion of macro â€˜[01m[KGTEST_PRED_FORMAT2_[m[Kâ€™
[4.164s]   161 |   [01;36m[KGTEST_PRED_FORMAT2_[m[K(pred_format, v1, v2, GTEST_NONFATAL_FAILURE_)
[4.164s]       |   [01;36m[K^~~~~~~~~~~~~~~~~~~[m[K
[4.165s] [01m[K/opt/ros/foxy/src/gtest_vendor/include/gtest/gtest.h:1996:3:[m[K [01;36m[Knote: [m[Kin expansion of macro â€˜[01m[KEXPECT_PRED_FORMAT2[m[Kâ€™
[4.165s]  1996 |   [01;36m[KEXPECT_PRED_FORMAT2[m[K(::testing::internal:: \
[4.165s]       |   [01;36m[K^~~~~~~~~~~~~~~~~~~[m[K
[4.165s] [01m[K/home/yy/robot_ws/image_common/image_transport/test/test_qos_override.cpp:115:3:[m[K [01;36m[Knote: [m[Kin expansion of macro â€˜[01m[KEXPECT_EQ[m[Kâ€™
[4.165s]   115 |   [01;36m[KEXPECT_EQ[m[K(endpoint_info_vec[0].qos_profile().reliability(), rclcpp::ReliabilityPolicy::Reliable);
[4.165s]       |   [01;36m[K^~~~~~~~~[m[K
[4.165s] [01m[K/home/yy/robot_ws/image_common/image_transport/test/test_qos_override.cpp:123:52:[m[K [01;31m[Kerror: [m[Kno matching function for call to â€˜[01m[Krclcpp::QoS::reliability()[m[Kâ€™
[4.165s]   123 |     endpoint_info_vec[0].qos_profile().reliability([01;31m[K)[m[K,
[4.166s]       |                                                    [01;31m[K^[m[K
[4.166s] [01m[K/opt/ros/foxy/src/gtest_vendor/include/gtest/gtest_pred_impl.h:76:52:[m[K [01;36m[Knote: [m[Kin definition of macro â€˜[01m[KGTEST_ASSERT_[m[Kâ€™
[4.166s]    76 |   if (const ::testing::AssertionResult gtest_ar = ([01;36m[Kexpression[m[K)) \
[4.166s]       |                                                    [01;36m[K^~~~~~~~~~[m[K
[4.166s] [01m[K/opt/ros/foxy/src/gtest_vendor/include/gtest/gtest_pred_impl.h:161:3:[m[K [01;36m[Knote: [m[Kin expansion of macro â€˜[01m[KGTEST_PRED_FORMAT2_[m[Kâ€™
[4.166s]   161 |   [01;36m[KGTEST_PRED_FORMAT2_[m[K(pred_format, v1, v2, GTEST_NONFATAL_FAILURE_)
[4.166s]       |   [01;36m[K^~~~~~~~~~~~~~~~~~~[m[K
[4.166s] [01m[K/opt/ros/foxy/src/gtest_vendor/include/gtest/gtest.h:1996:3:[m[K [01;36m[Knote: [m[Kin expansion of macro â€˜[01m[KEXPECT_PRED_FORMAT2[m[Kâ€™
[4.166s]  1996 |   [01;36m[KEXPECT_PRED_FORMAT2[m[K(::testing::internal:: \
[4.167s]       |   [01;36m[K^~~~~~~~~~~~~~~~~~~[m[K
[4.167s] [01m[K/opt/ros/foxy/src/gtest_vendor/include/gtest/gtest.h:1997:32:[m[K [01;36m[Knote: [m[Kin expansion of macro â€˜[01m[KGTEST_IS_NULL_LITERAL_[m[Kâ€™
[4.167s]  1997 |                       EqHelper<[01;36m[KGTEST_IS_NULL_LITERAL_[m[K(val1)>::Compare, \
[4.167s]       |                                [01;36m[K^~~~~~~~~~~~~~~~~~~~~~[m[K
[4.167s] [01m[K/home/yy/robot_ws/image_common/image_transport/test/test_qos_override.cpp:122:3:[m[K [01;36m[Knote: [m[Kin expansion of macro â€˜[01m[KEXPECT_EQ[m[Kâ€™
[4.167s]   122 |   [01;36m[KEXPECT_EQ[m[K(
[4.167s]       |   [01;36m[K^~~~~~~~~[m[K
[4.167s] In file included from [01m[K/opt/ros/foxy/include/rclcpp/node_interfaces/node_graph_interface.hpp:31[m[K,
[4.167s]                  from [01m[K/opt/ros/foxy/include/rclcpp/client.hpp:34[m[K,
[4.168s]                  from [01m[K/opt/ros/foxy/include/rclcpp/callback_group.hpp:23[m[K,
[4.168s]                  from [01m[K/opt/ros/foxy/include/rclcpp/any_executable.hpp:20[m[K,
[4.168s]                  from [01m[K/opt/ros/foxy/include/rclcpp/memory_strategy.hpp:24[m[K,
[4.168s]                  from [01m[K/opt/ros/foxy/include/rclcpp/memory_strategies.hpp:18[m[K,
[4.168s]                  from [01m[K/opt/ros/foxy/include/rclcpp/executor_options.hpp:20[m[K,
[4.168s]                  from [01m[K/opt/ros/foxy/include/rclcpp/executor.hpp:33[m[K,
[4.168s]                  from [01m[K/opt/ros/foxy/include/rclcpp/executors/multi_threaded_executor.hpp:26[m[K,
[4.168s]                  from [01m[K/opt/ros/foxy/include/rclcpp/executors.hpp:21[m[K,
[4.168s]                  from [01m[K/opt/ros/foxy/include/rclcpp/rclcpp.hpp:146[m[K,
[4.169s]                  from [01m[K/home/yy/robot_ws/image_common/image_transport/test/test_qos_override.cpp:34[m[K:
[4.169s] [01m[K/opt/ros/foxy/include/rclcpp/qos.hpp:98:3:[m[K [01;36m[Knote: [m[Kcandidate: â€˜[01m[Krclcpp::QoS& rclcpp::QoS::reliability(rmw_qos_reliability_policy_t)[m[Kâ€™
[4.169s]    98 |   [01;36m[Kreliability[m[K(rmw_qos_reliability_policy_t reliability);
[4.169s]       |   [01;36m[K^~~~~~~~~~~[m[K
[4.169s] [01m[K/opt/ros/foxy/include/rclcpp/qos.hpp:98:3:[m[K [01;36m[Knote: [m[K  candidate expects 1 argument, 0 provided
[4.169s] In file included from [01m[K/opt/ros/foxy/src/gtest_vendor/include/gtest/gtest.h:384[m[K,
[4.169s]                  from [01m[K/home/yy/robot_ws/image_common/image_transport/test/test_qos_override.cpp:29[m[K:
[4.169s] [01m[K/opt/ros/foxy/src/gtest_vendor/include/gtest/gtest.h:1997:60:[m[K [01;31m[Kerror: [m[Ktemplate argument 1 is invalid
[4.170s]  1997 |                       EqHelper<GTEST_IS_NULL_LITERAL_(val1)[01;31m[K>[m[K::Compare, \
[4.170s]       |                                                            [01;31m[K^[m[K
[4.170s] [01m[K/opt/ros/foxy/src/gtest_vendor/include/gtest/gtest_pred_impl.h:76:52:[m[K [01;36m[Knote: [m[Kin definition of macro â€˜[01m[KGTEST_ASSERT_[m[Kâ€™
[4.170s]    76 |   if (const ::testing::AssertionResult gtest_ar = ([01;36m[Kexpression[m[K)) \
[4.170s]       |                                                    [01;36m[K^~~~~~~~~~[m[K
[4.170s] [01m[K/opt/ros/foxy/src/gtest_vendor/include/gtest/gtest_pred_impl.h:161:3:[m[K [01;36m[Knote: [m[Kin expansion of macro â€˜[01m[KGTEST_PRED_FORMAT2_[m[Kâ€™
[4.170s]   161 |   [01;36m[KGTEST_PRED_FORMAT2_[m[K(pred_format, v1, v2, GTEST_NONFATAL_FAILURE_)
[4.170s]       |   [01;36m[K^~~~~~~~~~~~~~~~~~~[m[K
[4.170s] [01m[K/opt/ros/foxy/src/gtest_vendor/include/gtest/gtest.h:1996:3:[m[K [01;36m[Knote: [m[Kin expansion of macro â€˜[01m[KEXPECT_PRED_FORMAT2[m[Kâ€™
[4.171s]  1996 |   [01;36m[KEXPECT_PRED_FORMAT2[m[K(::testing::internal:: \
[4.171s]       |   [01;36m[K^~~~~~~~~~~~~~~~~~~[m[K
[4.171s] [01m[K/home/yy/robot_ws/image_common/image_transport/test/test_qos_override.cpp:122:3:[m[K [01;36m[Knote: [m[Kin expansion of macro â€˜[01m[KEXPECT_EQ[m[Kâ€™
[4.171s]   122 |   [01;36m[KEXPECT_EQ[m[K(
[4.171s]       |   [01;36m[K^~~~~~~~~[m[K
[4.171s] [01m[K/home/yy/robot_ws/image_common/image_transport/test/test_qos_override.cpp:123:52:[m[K [01;31m[Kerror: [m[Kno matching function for call to â€˜[01m[Krclcpp::QoS::reliability()[m[Kâ€™
[4.171s]   123 |     endpoint_info_vec[0].qos_profile().reliability([01;31m[K)[m[K,
[4.171s]       |                                                    [01;31m[K^[m[K
[4.171s] [01m[K/opt/ros/foxy/src/gtest_vendor/include/gtest/gtest_pred_impl.h:76:52:[m[K [01;36m[Knote: [m[Kin definition of macro â€˜[01m[KGTEST_ASSERT_[m[Kâ€™
[4.172s]    76 |   if (const ::testing::AssertionResult gtest_ar = ([01;36m[Kexpression[m[K)) \
[4.172s]       |                                                    [01;36m[K^~~~~~~~~~[m[K
[4.172s] [01m[K/opt/ros/foxy/src/gtest_vendor/include/gtest/gtest_pred_impl.h:161:3:[m[K [01;36m[Knote: [m[Kin expansion of macro â€˜[01m[KGTEST_PRED_FORMAT2_[m[Kâ€™
[4.172s]   161 |   [01;36m[KGTEST_PRED_FORMAT2_[m[K(pred_format, v1, v2, GTEST_NONFATAL_FAILURE_)
[4.172s]       |   [01;36m[K^~~~~~~~~~~~~~~~~~~[m[K
[4.172s] [01m[K/opt/ros/foxy/src/gtest_vendor/include/gtest/gtest.h:1996:3:[m[K [01;36m[Knote: [m[Kin expansion of macro â€˜[01m[KEXPECT_PRED_FORMAT2[m[Kâ€™
[4.172s]  1996 |   [01;36m[KEXPECT_PRED_FORMAT2[m[K(::testing::internal:: \
[4.172s]       |   [01;36m[K^~~~~~~~~~~~~~~~~~~[m[K
[4.172s] [01m[K/home/yy/robot_ws/image_common/image_transport/test/test_qos_override.cpp:122:3:[m[K [01;36m[Knote: [m[Kin expansion of macro â€˜[01m[KEXPECT_EQ[m[Kâ€™
[4.173s]   122 |   [01;36m[KEXPECT_EQ[m[K(
[4.173s]       |   [01;36m[K^~~~~~~~~[m[K
[4.173s] In file included from [01m[K/opt/ros/foxy/include/rclcpp/node_interfaces/node_graph_interface.hpp:31[m[K,
[4.173s]                  from [01m[K/opt/ros/foxy/include/rclcpp/client.hpp:34[m[K,
[4.173s]                  from [01m[K/opt/ros/foxy/include/rclcpp/callback_group.hpp:23[m[K,
[4.173s]                  from [01m[K/opt/ros/foxy/include/rclcpp/any_executable.hpp:20[m[K,
[4.173s]                  from [01m[K/opt/ros/foxy/include/rclcpp/memory_strategy.hpp:24[m[K,
[4.173s]                  from [01m[K/opt/ros/foxy/include/rclcpp/memory_strategies.hpp:18[m[K,
[4.173s]                  from [01m[K/opt/ros/foxy/include/rclcpp/executor_options.hpp:20[m[K,
[4.174s]                  from [01m[K/opt/ros/foxy/include/rclcpp/executor.hpp:33[m[K,
[4.174s]                  from [01m[K/opt/ros/foxy/include/rclcpp/executors/multi_threaded_executor.hpp:26[m[K,
[4.174s]                  from [01m[K/opt/ros/foxy/include/rclcpp/executors.hpp:21[m[K,
[4.174s]                  from [01m[K/opt/ros/foxy/include/rclcpp/rclcpp.hpp:146[m[K,
[4.174s]                  from [01m[K/home/yy/robot_ws/image_common/image_transport/test/test_qos_override.cpp:34[m[K:
[4.174s] [01m[K/opt/ros/foxy/include/rclcpp/qos.hpp:98:3:[m[K [01;36m[Knote: [m[Kcandidate: â€˜[01m[Krclcpp::QoS& rclcpp::QoS::reliability(rmw_qos_reliability_policy_t)[m[Kâ€™
[4.174s]    98 |   [01;36m[Kreliability[m[K(rmw_qos_reliability_policy_t reliability);
[4.174s]       |   [01;36m[K^~~~~~~~~~~[m[K
[4.174s] [01m[K/opt/ros/foxy/include/rclcpp/qos.hpp:98:3:[m[K [01;36m[Knote: [m[K  candidate expects 1 argument, 0 provided
[4.175s] In file included from [01m[K/opt/ros/foxy/src/gtest_vendor/include/gtest/gtest.h:384[m[K,
[4.175s]                  from [01m[K/home/yy/robot_ws/image_common/image_transport/test/test_qos_override.cpp:29[m[K:
[4.175s] [01m[K/home/yy/robot_ws/image_common/image_transport/test/test_qos_override.cpp:124:13:[m[K [01;31m[Kerror: [m[Kâ€˜[01m[Krclcpp::ReliabilityPolicy[m[Kâ€™ has not been declared
[4.175s]   124 |     rclcpp::[01;31m[KReliabilityPolicy[m[K::Reliable);
[4.175s]       |             [01;31m[K^~~~~~~~~~~~~~~~~[m[K
[4.175s] [01m[K/opt/ros/foxy/src/gtest_vendor/include/gtest/gtest_pred_impl.h:76:52:[m[K [01;36m[Knote: [m[Kin definition of macro â€˜[01m[KGTEST_ASSERT_[m[Kâ€™
[4.175s]    76 |   if (const ::testing::AssertionResult gtest_ar = ([01;36m[Kexpression[m[K)) \
[4.175s]       |                                                    [01;36m[K^~~~~~~~~~[m[K
[4.175s] [01m[K/opt/ros/foxy/src/gtest_vendor/include/gtest/gtest_pred_impl.h:161:3:[m[K [01;36m[Knote: [m[Kin expansion of macro â€˜[01m[KGTEST_PRED_FORMAT2_[m[Kâ€™
[4.176s]   161 |   [01;36m[KGTEST_PRED_FORMAT2_[m[K(pred_format, v1, v2, GTEST_NONFATAL_FAILURE_)
[4.176s]       |   [01;36m[K^~~~~~~~~~~~~~~~~~~[m[K
[4.176s] [01m[K/opt/ros/foxy/src/gtest_vendor/include/gtest/gtest.h:1996:3:[m[K [01;36m[Knote: [m[Kin expansion of macro â€˜[01m[KEXPECT_PRED_FORMAT2[m[Kâ€™
[4.176s]  1996 |   [01;36m[KEXPECT_PRED_FORMAT2[m[K(::testing::internal:: \
[4.176s]       |   [01;36m[K^~~~~~~~~~~~~~~~~~~[m[K
[4.176s] [01m[K/home/yy/robot_ws/image_common/image_transport/test/test_qos_override.cpp:122:3:[m[K [01;36m[Knote: [m[Kin expansion of macro â€˜[01m[KEXPECT_EQ[m[Kâ€™
[4.176s]   122 |   [01;36m[KEXPECT_EQ[m[K(
[4.176s]       |   [01;36m[K^~~~~~~~~[m[K
[4.176s] [01m[K/home/yy/robot_ws/image_common/image_transport/test/test_qos_override.cpp:[m[K In member function â€˜[01m[Kvirtual void TestQosOverride_qos_override_subscriber_with_options_Test::TestBody()[m[Kâ€™:
[4.176s] [01m[K/home/yy/robot_ws/image_common/image_transport/test/test_qos_override.cpp:132:11:[m[K [01;31m[Kerror: [m[Kâ€˜[01m[Kusing SubscriptionOptions = struct rclcpp::SubscriptionOptionsWithAllocator<std::allocator<void> >[m[Kâ€™ {aka â€˜[01m[Kstruct rclcpp::SubscriptionOptionsWithAllocator<std::allocator<void> >[m[Kâ€™} has no member named â€˜[01m[Kqos_overriding_options[m[Kâ€™
[4.177s]   132 |   options.[01;31m[Kqos_overriding_options[m[K = rclcpp::QosOverridingOptions(
[4.177s]       |           [01;31m[K^~~~~~~~~~~~~~~~~~~~~~[m[K
[4.177s] [01m[K/home/yy/robot_ws/image_common/image_transport/test/test_qos_override.cpp:132:44:[m[K [01;31m[Kerror: [m[Kâ€˜[01m[KQosOverridingOptions[m[Kâ€™ is not a member of â€˜[01m[Krclcpp[m[Kâ€™
[4.177s]   132 |   options.qos_overriding_options = rclcpp::[01;31m[KQosOverridingOptions[m[K(
[4.177s]       |                                            [01;31m[K^~~~~~~~~~~~~~~~~~~~[m[K
[4.177s] [01m[K/home/yy/robot_ws/image_common/image_transport/test/test_qos_override.cpp:134:13:[m[K [01;31m[Kerror: [m[Kâ€˜[01m[Krclcpp::QosPolicyKind[m[Kâ€™ has not been declared
[4.177s]   134 |     rclcpp::[01;31m[KQosPolicyKind[m[K::Depth,
[4.177s]       |             [01;31m[K^~~~~~~~~~~~~[m[K
[4.178s] [01m[K/home/yy/robot_ws/image_common/image_transport/test/test_qos_override.cpp:135:13:[m[K [01;31m[Kerror: [m[Kâ€˜[01m[Krclcpp::QosPolicyKind[m[Kâ€™ has not been declared
[4.178s]   135 |     rclcpp::[01;31m[KQosPolicyKind[m[K::Durability,
[4.178s]       |             [01;31m[K^~~~~~~~~~~~~[m[K
[4.178s] [01m[K/home/yy/robot_ws/image_common/image_transport/test/test_qos_override.cpp:136:13:[m[K [01;31m[Kerror: [m[Kâ€˜[01m[Krclcpp::QosPolicyKind[m[Kâ€™ has not been declared
[4.178s]   136 |     rclcpp::[01;31m[KQosPolicyKind[m[K::History,
[4.178s]       |             [01;31m[K^~~~~~~~~~~~~[m[K
[4.178s] [01m[K/home/yy/robot_ws/image_common/image_transport/test/test_qos_override.cpp:137:13:[m[K [01;31m[Kerror: [m[Kâ€˜[01m[Krclcpp::QosPolicyKind[m[Kâ€™ has not been declared
[4.178s]   137 |     rclcpp::[01;31m[KQosPolicyKind[m[K::Reliability,
[4.178s]       |             [01;31m[K^~~~~~~~~~~~~[m[K
[4.179s] In file included from [01m[K/opt/ros/foxy/src/gtest_vendor/include/gtest/gtest.h:384[m[K,
[4.179s]                  from [01m[K/home/yy/robot_ws/image_common/image_transport/test/test_qos_override.cpp:29[m[K:
[4.179s] [01m[K/home/yy/robot_ws/image_common/image_transport/test/test_qos_override.cpp:143:60:[m[K [01;31m[Kerror: [m[Kno matching function for call to â€˜[01m[Krclcpp::QoS::reliability()[m[Kâ€™
[4.179s]   143 |   EXPECT_EQ(endpoint_info_vec[0].qos_profile().reliability([01;31m[K)[m[K, rclcpp::ReliabilityPolicy::Reliable);
[4.179s]       |                                                            [01;31m[K^[m[K
[4.179s] [01m[K/opt/ros/foxy/src/gtest_vendor/include/gtest/gtest_pred_impl.h:76:52:[m[K [01;36m[Knote: [m[Kin definition of macro â€˜[01m[KGTEST_ASSERT_[m[Kâ€™
[4.179s]    76 |   if (const ::testing::AssertionResult gtest_ar = ([01;36m[Kexpression[m[K)) \
[4.179s]       |                                                    [01;36m[K^~~~~~~~~~[m[K
[4.179s] [01m[K/opt/ros/foxy/src/gtest_vendor/include/gtest/gtest_pred_impl.h:161:3:[m[K [01;36m[Knote: [m[Kin expansion of macro â€˜[01m[KGTEST_PRED_FORMAT2_[m[Kâ€™
[4.180s]   161 |   [01;36m[KGTEST_PRED_FORMAT2_[m[K(pred_format, v1, v2, GTEST_NONFATAL_FAILURE_)
[4.180s]       |   [01;36m[K^~~~~~~~~~~~~~~~~~~[m[K
[4.180s] [01m[K/opt/ros/foxy/src/gtest_vendor/include/gtest/gtest.h:1996:3:[m[K [01;36m[Knote: [m[Kin expansion of macro â€˜[01m[KEXPECT_PRED_FORMAT2[m[Kâ€™
[4.180s]  1996 |   [01;36m[KEXPECT_PRED_FORMAT2[m[K(::testing::internal:: \
[4.180s]       |   [01;36m[K^~~~~~~~~~~~~~~~~~~[m[K
[4.180s] [01m[K/opt/ros/foxy/src/gtest_vendor/include/gtest/gtest.h:1997:32:[m[K [01;36m[Knote: [m[Kin expansion of macro â€˜[01m[KGTEST_IS_NULL_LITERAL_[m[Kâ€™
[4.180s]  1997 |                       EqHelper<[01;36m[KGTEST_IS_NULL_LITERAL_[m[K(val1)>::Compare, \
[4.180s]       |                                [01;36m[K^~~~~~~~~~~~~~~~~~~~~~[m[K
[4.180s] [01m[K/home/yy/robot_ws/image_common/image_transport/test/test_qos_override.cpp:143:3:[m[K [01;36m[Knote: [m[Kin expansion of macro â€˜[01m[KEXPECT_EQ[m[Kâ€™
[4.181s]   143 |   [01;36m[KEXPECT_EQ[m[K(endpoint_info_vec[0].qos_profile().reliability(), rclcpp::ReliabilityPolicy::Reliable);
[4.181s]       |   [01;36m[K^~~~~~~~~[m[K
[4.181s] In file included from [01m[K/opt/ros/foxy/include/rclcpp/node_interfaces/node_graph_interface.hpp:31[m[K,
[4.181s]                  from [01m[K/opt/ros/foxy/include/rclcpp/client.hpp:34[m[K,
[4.181s]                  from [01m[K/opt/ros/foxy/include/rclcpp/callback_group.hpp:23[m[K,
[4.181s]                  from [01m[K/opt/ros/foxy/include/rclcpp/any_executable.hpp:20[m[K,
[4.181s]                  from [01m[K/opt/ros/foxy/include/rclcpp/memory_strategy.hpp:24[m[K,
[4.181s]                  from [01m[K/opt/ros/foxy/include/rclcpp/memory_strategies.hpp:18[m[K,
[4.181s]                  from [01m[K/opt/ros/foxy/include/rclcpp/executor_options.hpp:20[m[K,
[4.182s]                  from [01m[K/opt/ros/foxy/include/rclcpp/executor.hpp:33[m[K,
[4.182s]                  from [01m[K/opt/ros/foxy/include/rclcpp/executors/multi_threaded_executor.hpp:26[m[K,
[4.182s]                  from [01m[K/opt/ros/foxy/include/rclcpp/executors.hpp:21[m[K,
[4.182s]                  from [01m[K/opt/ros/foxy/include/rclcpp/rclcpp.hpp:146[m[K,
[4.182s]                  from [01m[K/home/yy/robot_ws/image_common/image_transport/test/test_qos_override.cpp:34[m[K:
[4.182s] [01m[K/opt/ros/foxy/include/rclcpp/qos.hpp:98:3:[m[K [01;36m[Knote: [m[Kcandidate: â€˜[01m[Krclcpp::QoS& rclcpp::QoS::reliability(rmw_qos_reliability_policy_t)[m[Kâ€™
[4.182s]    98 |   [01;36m[Kreliability[m[K(rmw_qos_reliability_policy_t reliability);
[4.182s]       |   [01;36m[K^~~~~~~~~~~[m[K
[4.182s] [01m[K/opt/ros/foxy/include/rclcpp/qos.hpp:98:3:[m[K [01;36m[Knote: [m[K  candidate expects 1 argument, 0 provided
[4.182s] In file included from [01m[K/opt/ros/foxy/src/gtest_vendor/include/gtest/gtest.h:384[m[K,
[4.183s]                  from [01m[K/home/yy/robot_ws/image_common/image_transport/test/test_qos_override.cpp:29[m[K:
[4.183s] [01m[K/opt/ros/foxy/src/gtest_vendor/include/gtest/gtest.h:1997:60:[m[K [01;31m[Kerror: [m[Ktemplate argument 1 is invalid
[4.183s]  1997 |                       EqHelper<GTEST_IS_NULL_LITERAL_(val1)[01;31m[K>[m[K::Compare, \
[4.183s]       |                                                            [01;31m[K^[m[K
[4.183s] [01m[K/opt/ros/foxy/src/gtest_vendor/include/gtest/gtest_pred_impl.h:76:52:[m[K [01;36m[Knote: [m[Kin definition of macro â€˜[01m[KGTEST_ASSERT_[m[Kâ€™
[4.183s]    76 |   if (const ::testing::AssertionResult gtest_ar = ([01;36m[Kexpression[m[K)) \
[4.183s]       |                                                    [01;36m[K^~~~~~~~~~[m[K
[4.183s] [01m[K/opt/ros/foxy/src/gtest_vendor/include/gtest/gtest_pred_impl.h:161:3:[m[K [01;36m[Knote: [m[Kin expansion of macro â€˜[01m[KGTEST_PRED_FORMAT2_[m[Kâ€™
[4.183s]   161 |   [01;36m[KGTEST_PRED_FORMAT2_[m[K(pred_format, v1, v2, GTEST_NONFATAL_FAILURE_)
[4.185s]       |   [01;36m[K^~~~~~~~~~~~~~~~~~~[m[K
[4.185s] [01m[K/opt/ros/foxy/src/gtest_vendor/include/gtest/gtest.h:1996:3:[m[K [01;36m[Knote: [m[Kin expansion of macro â€˜[01m[KEXPECT_PRED_FORMAT2[m[Kâ€™
[4.185s]  1996 |   [01;36m[KEXPECT_PRED_FORMAT2[m[K(::testing::internal:: \
[4.185s]       |   [01;36m[K^~~~~~~~~~~~~~~~~~~[m[K
[4.185s] [01m[K/home/yy/robot_ws/image_common/image_transport/test/test_qos_override.cpp:143:3:[m[K [01;36m[Knote: [m[Kin expansion of macro â€˜[01m[KEXPECT_EQ[m[Kâ€™
[4.185s]   143 |   [01;36m[KEXPECT_EQ[m[K(endpoint_info_vec[0].qos_profile().reliability(), rclcpp::ReliabilityPolicy::Reliable);
[4.185s]       |   [01;36m[K^~~~~~~~~[m[K
[4.186s] [01m[K/home/yy/robot_ws/image_common/image_transport/test/test_qos_override.cpp:143:60:[m[K [01;31m[Kerror: [m[Kno matching function for call to â€˜[01m[Krclcpp::QoS::reliability()[m[Kâ€™
[4.186s]   143 |   EXPECT_EQ(endpoint_info_vec[0].qos_profile().reliability([01;31m[K)[m[K, rclcpp::ReliabilityPolicy::Reliable);
[4.186s]       |                                                            [01;31m[K^[m[K
[4.186s] [01m[K/opt/ros/foxy/src/gtest_vendor/include/gtest/gtest_pred_impl.h:76:52:[m[K [01;36m[Knote: [m[Kin definition of macro â€˜[01m[KGTEST_ASSERT_[m[Kâ€™
[4.186s]    76 |   if (const ::testing::AssertionResult gtest_ar = ([01;36m[Kexpression[m[K)) \
[4.186s]       |                                                    [01;36m[K^~~~~~~~~~[m[K
[4.186s] [01m[K/opt/ros/foxy/src/gtest_vendor/include/gtest/gtest_pred_impl.h:161:3:[m[K [01;36m[Knote: [m[Kin expansion of macro â€˜[01m[KGTEST_PRED_FORMAT2_[m[Kâ€™
[4.186s]   161 |   [01;36m[KGTEST_PRED_FORMAT2_[m[K(pred_format, v1, v2, GTEST_NONFATAL_FAILURE_)
[4.187s]       |   [01;36m[K^~~~~~~~~~~~~~~~~~~[m[K
[4.187s] [01m[K/opt/ros/foxy/src/gtest_vendor/include/gtest/gtest.h:1996:3:[m[K [01;36m[Knote: [m[Kin expansion of macro â€˜[01m[KEXPECT_PRED_FORMAT2[m[Kâ€™
[4.187s]  1996 |   [01;36m[KEXPECT_PRED_FORMAT2[m[K(::testing::internal:: \
[4.187s]       |   [01;36m[K^~~~~~~~~~~~~~~~~~~[m[K
[4.187s] [01m[K/home/yy/robot_ws/image_common/image_transport/test/test_qos_override.cpp:143:3:[m[K [01;36m[Knote: [m[Kin expansion of macro â€˜[01m[KEXPECT_EQ[m[Kâ€™
[4.187s]   143 |   [01;36m[KEXPECT_EQ[m[K(endpoint_info_vec[0].qos_profile().reliability(), rclcpp::ReliabilityPolicy::Reliable);
[4.187s]       |   [01;36m[K^~~~~~~~~[m[K
[4.187s] In file included from [01m[K/opt/ros/foxy/include/rclcpp/node_interfaces/node_graph_interface.hpp:31[m[K,
[4.187s]                  from [01m[K/opt/ros/foxy/include/rclcpp/client.hpp:34[m[K,
[4.187s]                  from [01m[K/opt/ros/foxy/include/rclcpp/callback_group.hpp:23[m[K,
[4.188s]                  from [01m[K/opt/ros/foxy/include/rclcpp/any_executable.hpp:20[m[K,
[4.188s]                  from [01m[K/opt/ros/foxy/include/rclcpp/memory_strategy.hpp:24[m[K,
[4.188s]                  from [01m[K/opt/ros/foxy/include/rclcpp/memory_strategies.hpp:18[m[K,
[4.188s]                  from [01m[K/opt/ros/foxy/include/rclcpp/executor_options.hpp:20[m[K,
[4.188s]                  from [01m[K/opt/ros/foxy/include/rclcpp/executor.hpp:33[m[K,
[4.189s]                  from [01m[K/opt/ros/foxy/include/rclcpp/executors/multi_threaded_executor.hpp:26[m[K,
[4.189s]                  from [01m[K/opt/ros/foxy/include/rclcpp/executors.hpp:21[m[K,
[4.189s]                  from [01m[K/opt/ros/foxy/include/rclcpp/rclcpp.hpp:146[m[K,
[4.189s]                  from [01m[K/home/yy/robot_ws/image_common/image_transport/test/test_qos_override.cpp:34[m[K:
[4.189s] [01m[K/opt/ros/foxy/include/rclcpp/qos.hpp:98:3:[m[K [01;36m[Knote: [m[Kcandidate: â€˜[01m[Krclcpp::QoS& rclcpp::QoS::reliability(rmw_qos_reliability_policy_t)[m[Kâ€™
[4.189s]    98 |   [01;36m[Kreliability[m[K(rmw_qos_reliability_policy_t reliability);
[4.189s]       |   [01;36m[K^~~~~~~~~~~[m[K
[4.190s] [01m[K/opt/ros/foxy/include/rclcpp/qos.hpp:98:3:[m[K [01;36m[Knote: [m[K  candidate expects 1 argument, 0 provided
[4.190s] In file included from [01m[K/opt/ros/foxy/src/gtest_vendor/include/gtest/gtest.h:384[m[K,
[4.190s]                  from [01m[K/home/yy/robot_ws/image_common/image_transport/test/test_qos_override.cpp:29[m[K:
[4.190s] [01m[K/home/yy/robot_ws/image_common/image_transport/test/test_qos_override.cpp:143:71:[m[K [01;31m[Kerror: [m[Kâ€˜[01m[Krclcpp::ReliabilityPolicy[m[Kâ€™ has not been declared
[4.190s]   143 |   EXPECT_EQ(endpoint_info_vec[0].qos_profile().reliability(), rclcpp::[01;31m[KReliabilityPolicy[m[K::Reliable);
[4.190s]       |                                                                       [01;31m[K^~~~~~~~~~~~~~~~~[m[K
[4.190s] [01m[K/opt/ros/foxy/src/gtest_vendor/include/gtest/gtest_pred_impl.h:76:52:[m[K [01;36m[Knote: [m[Kin definition of macro â€˜[01m[KGTEST_ASSERT_[m[Kâ€™
[4.190s]    76 |   if (const ::testing::AssertionResult gtest_ar = ([01;36m[Kexpression[m[K)) \
[4.190s]       |                                                    [01;36m[K^~~~~~~~~~[m[K
[4.191s] [01m[K/opt/ros/foxy/src/gtest_vendor/include/gtest/gtest_pred_impl.h:161:3:[m[K [01;36m[Knote: [m[Kin expansion of macro â€˜[01m[KGTEST_PRED_FORMAT2_[m[Kâ€™
[4.191s]   161 |   [01;36m[KGTEST_PRED_FORMAT2_[m[K(pred_format, v1, v2, GTEST_NONFATAL_FAILURE_)
[4.191s]       |   [01;36m[K^~~~~~~~~~~~~~~~~~~[m[K
[4.191s] [01m[K/opt/ros/foxy/src/gtest_vendor/include/gtest/gtest.h:1996:3:[m[K [01;36m[Knote: [m[Kin expansion of macro â€˜[01m[KEXPECT_PRED_FORMAT2[m[Kâ€™
[4.191s]  1996 |   [01;36m[KEXPECT_PRED_FORMAT2[m[K(::testing::internal:: \
[4.191s]       |   [01;36m[K^~~~~~~~~~~~~~~~~~~[m[K
[4.191s] [01m[K/home/yy/robot_ws/image_common/image_transport/test/test_qos_override.cpp:143:3:[m[K [01;36m[Knote: [m[Kin expansion of macro â€˜[01m[KEXPECT_EQ[m[Kâ€™
[4.191s]   143 |   [01;36m[KEXPECT_EQ[m[K(endpoint_info_vec[0].qos_profile().reliability(), rclcpp::ReliabilityPolicy::Reliable);
[4.191s]       |   [01;36m[K^~~~~~~~~[m[K
[4.192s] [01m[K/home/yy/robot_ws/image_common/image_transport/test/test_qos_override.cpp:151:52:[m[K [01;31m[Kerror: [m[Kno matching function for call to â€˜[01m[Krclcpp::QoS::reliability()[m[Kâ€™
[4.192s]   151 |     endpoint_info_vec[0].qos_profile().reliability([01;31m[K)[m[K,
[4.192s]       |                                                    [01;31m[K^[m[K
[4.192s] [01m[K/opt/ros/foxy/src/gtest_vendor/include/gtest/gtest_pred_impl.h:76:52:[m[K [01;36m[Knote: [m[Kin definition of macro â€˜[01m[KGTEST_ASSERT_[m[Kâ€™
[4.192s]    76 |   if (const ::testing::AssertionResult gtest_ar = ([01;36m[Kexpression[m[K)) \
[4.192s]       |                                                    [01;36m[K^~~~~~~~~~[m[K
[4.192s] [01m[K/opt/ros/foxy/src/gtest_vendor/include/gtest/gtest_pred_impl.h:161:3:[m[K [01;36m[Knote: [m[Kin expansion of macro â€˜[01m[KGTEST_PRED_FORMAT2_[m[Kâ€™
[4.192s]   161 |   [01;36m[KGTEST_PRED_FORMAT2_[m[K(pred_format, v1, v2, GTEST_NONFATAL_FAILURE_)
[4.192s]       |   [01;36m[K^~~~~~~~~~~~~~~~~~~[m[K
[4.193s] [01m[K/opt/ros/foxy/src/gtest_vendor/include/gtest/gtest.h:1996:3:[m[K [01;36m[Knote: [m[Kin expansion of macro â€˜[01m[KEXPECT_PRED_FORMAT2[m[Kâ€™
[4.193s]  1996 |   [01;36m[KEXPECT_PRED_FORMAT2[m[K(::testing::internal:: \
[4.193s]       |   [01;36m[K^~~~~~~~~~~~~~~~~~~[m[K
[4.193s] [01m[K/opt/ros/foxy/src/gtest_vendor/include/gtest/gtest.h:1997:32:[m[K [01;36m[Knote: [m[Kin expansion of macro â€˜[01m[KGTEST_IS_NULL_LITERAL_[m[Kâ€™
[4.193s]  1997 |                       EqHelper<[01;36m[KGTEST_IS_NULL_LITERAL_[m[K(val1)>::Compare, \
[4.193s]       |                                [01;36m[K^~~~~~~~~~~~~~~~~~~~~~[m[K
[4.193s] [01m[K/home/yy/robot_ws/image_common/image_transport/test/test_qos_override.cpp:150:3:[m[K [01;36m[Knote: [m[Kin expansion of macro â€˜[01m[KEXPECT_EQ[m[Kâ€™
[4.193s]   150 |   [01;36m[KEXPECT_EQ[m[K(
[4.193s]       |   [01;36m[K^~~~~~~~~[m[K
[4.194s] In file included from [01m[K/opt/ros/foxy/include/rclcpp/node_interfaces/node_graph_interface.hpp:31[m[K,
[4.194s]                  from [01m[K/opt/ros/foxy/include/rclcpp/client.hpp:34[m[K,
[4.194s]                  from [01m[K/opt/ros/foxy/include/rclcpp/callback_group.hpp:23[m[K,
[4.194s]                  from [01m[K/opt/ros/foxy/include/rclcpp/any_executable.hpp:20[m[K,
[4.194s]                  from [01m[K/opt/ros/foxy/include/rclcpp/memory_strategy.hpp:24[m[K,
[4.194s]                  from [01m[K/opt/ros/foxy/include/rclcpp/memory_strategies.hpp:18[m[K,
[4.194s]                  from [01m[K/opt/ros/foxy/include/rclcpp/executor_options.hpp:20[m[K,
[4.194s]                  from [01m[K/opt/ros/foxy/include/rclcpp/executor.hpp:33[m[K,
[4.195s]                  from [01m[K/opt/ros/foxy/include/rclcpp/executors/multi_threaded_executor.hpp:26[m[K,
[4.195s]                  from [01m[K/opt/ros/foxy/include/rclcpp/executors.hpp:21[m[K,
[4.195s]                  from [01m[K/opt/ros/foxy/include/rclcpp/rclcpp.hpp:146[m[K,
[4.195s]                  from [01m[K/home/yy/robot_ws/image_common/image_transport/test/test_qos_override.cpp:34[m[K:
[4.195s] [01m[K/opt/ros/foxy/include/rclcpp/qos.hpp:98:3:[m[K [01;36m[Knote: [m[Kcandidate: â€˜[01m[Krclcpp::QoS& rclcpp::QoS::reliability(rmw_qos_reliability_policy_t)[m[Kâ€™
[4.195s]    98 |   [01;36m[Kreliability[m[K(rmw_qos_reliability_policy_t reliability);
[4.195s]       |   [01;36m[K^~~~~~~~~~~[m[K
[4.195s] [01m[K/opt/ros/foxy/include/rclcpp/qos.hpp:98:3:[m[K [01;36m[Knote: [m[K  candidate expects 1 argument, 0 provided
[4.195s] In file included from [01m[K/opt/ros/foxy/src/gtest_vendor/include/gtest/gtest.h:384[m[K,
[4.196s]                  from [01m[K/home/yy/robot_ws/image_common/image_transport/test/test_qos_override.cpp:29[m[K:
[4.196s] [01m[K/opt/ros/foxy/src/gtest_vendor/include/gtest/gtest.h:1997:60:[m[K [01;31m[Kerror: [m[Ktemplate argument 1 is invalid
[4.196s]  1997 |                       EqHelper<GTEST_IS_NULL_LITERAL_(val1)[01;31m[K>[m[K::Compare, \
[4.196s]       |                                                            [01;31m[K^[m[K
[4.196s] [01m[K/opt/ros/foxy/src/gtest_vendor/include/gtest/gtest_pred_impl.h:76:52:[m[K [01;36m[Knote: [m[Kin definition of macro â€˜[01m[KGTEST_ASSERT_[m[Kâ€™
[4.196s]    76 |   if (const ::testing::AssertionResult gtest_ar = ([01;36m[Kexpression[m[K)) \
[4.196s]       |                                                    [01;36m[K^~~~~~~~~~[m[K
[4.196s] [01m[K/opt/ros/foxy/src/gtest_vendor/include/gtest/gtest_pred_impl.h:161:3:[m[K [01;36m[Knote: [m[Kin expansion of macro â€˜[01m[KGTEST_PRED_FORMAT2_[m[Kâ€™
[4.196s]   161 |   [01;36m[KGTEST_PRED_FORMAT2_[m[K(pred_format, v1, v2, GTEST_NONFATAL_FAILURE_)
[4.197s]       |   [01;36m[K^~~~~~~~~~~~~~~~~~~[m[K
[4.197s] [01m[K/opt/ros/foxy/src/gtest_vendor/include/gtest/gtest.h:1996:3:[m[K [01;36m[Knote: [m[Kin expansion of macro â€˜[01m[KEXPECT_PRED_FORMAT2[m[Kâ€™
[4.197s]  1996 |   [01;36m[KEXPECT_PRED_FORMAT2[m[K(::testing::internal:: \
[4.197s]       |   [01;36m[K^~~~~~~~~~~~~~~~~~~[m[K
[4.197s] [01m[K/home/yy/robot_ws/image_common/image_transport/test/test_qos_override.cpp:150:3:[m[K [01;36m[Knote: [m[Kin expansion of macro â€˜[01m[KEXPECT_EQ[m[Kâ€™
[4.197s]   150 |   [01;36m[KEXPECT_EQ[m[K(
[4.197s]       |   [01;36m[K^~~~~~~~~[m[K
[4.197s] [01m[K/home/yy/robot_ws/image_common/image_transport/test/test_qos_override.cpp:151:52:[m[K [01;31m[Kerror: [m[Kno matching function for call to â€˜[01m[Krclcpp::QoS::reliability()[m[Kâ€™
[4.197s]   151 |     endpoint_info_vec[0].qos_profile().reliability([01;31m[K)[m[K,
[4.198s]       |                                                    [01;31m[K^[m[K
[4.198s] [01m[K/opt/ros/foxy/src/gtest_vendor/include/gtest/gtest_pred_impl.h:76:52:[m[K [01;36m[Knote: [m[Kin definition of macro â€˜[01m[KGTEST_ASSERT_[m[Kâ€™
[4.198s]    76 |   if (const ::testing::AssertionResult gtest_ar = ([01;36m[Kexpression[m[K)) \
[4.198s]       |                                                    [01;36m[K^~~~~~~~~~[m[K
[4.198s] [01m[K/opt/ros/foxy/src/gtest_vendor/include/gtest/gtest_pred_impl.h:161:3:[m[K [01;36m[Knote: [m[Kin expansion of macro â€˜[01m[KGTEST_PRED_FORMAT2_[m[Kâ€™
[4.198s]   161 |   [01;36m[KGTEST_PRED_FORMAT2_[m[K(pred_format, v1, v2, GTEST_NONFATAL_FAILURE_)
[4.198s]       |   [01;36m[K^~~~~~~~~~~~~~~~~~~[m[K
[4.198s] [01m[K/opt/ros/foxy/src/gtest_vendor/include/gtest/gtest.h:1996:3:[m[K [01;36m[Knote: [m[Kin expansion of macro â€˜[01m[KEXPECT_PRED_FORMAT2[m[Kâ€™
[4.198s]  1996 |   [01;36m[KEXPECT_PRED_FORMAT2[m[K(::testing::internal:: \
[4.199s]       |   [01;36m[K^~~~~~~~~~~~~~~~~~~[m[K
[4.199s] [01m[K/home/yy/robot_ws/image_common/image_transport/test/test_qos_override.cpp:150:3:[m[K [01;36m[Knote: [m[Kin expansion of macro â€˜[01m[KEXPECT_EQ[m[Kâ€™
[4.199s]   150 |   [01;36m[KEXPECT_EQ[m[K(
[4.199s]       |   [01;36m[K^~~~~~~~~[m[K
[4.199s] In file included from [01m[K/opt/ros/foxy/include/rclcpp/node_interfaces/node_graph_interface.hpp:31[m[K,
[4.199s]                  from [01m[K/opt/ros/foxy/include/rclcpp/client.hpp:34[m[K,
[4.199s]                  from [01m[K/opt/ros/foxy/include/rclcpp/callback_group.hpp:23[m[K,
[4.199s]                  from [01m[K/opt/ros/foxy/include/rclcpp/any_executable.hpp:20[m[K,
[4.200s]                  from [01m[K/opt/ros/foxy/include/rclcpp/memory_strategy.hpp:24[m[K,
[4.200s]                  from [01m[K/opt/ros/foxy/include/rclcpp/memory_strategies.hpp:18[m[K,
[4.200s]                  from [01m[K/opt/ros/foxy/include/rclcpp/executor_options.hpp:20[m[K,
[4.200s]                  from [01m[K/opt/ros/foxy/include/rclcpp/executor.hpp:33[m[K,
[4.200s]                  from [01m[K/opt/ros/foxy/include/rclcpp/executors/multi_threaded_executor.hpp:26[m[K,
[4.200s]                  from [01m[K/opt/ros/foxy/include/rclcpp/executors.hpp:21[m[K,
[4.200s]                  from [01m[K/opt/ros/foxy/include/rclcpp/rclcpp.hpp:146[m[K,
[4.200s]                  from [01m[K/home/yy/robot_ws/image_common/image_transport/test/test_qos_override.cpp:34[m[K:
[4.200s] [01m[K/opt/ros/foxy/include/rclcpp/qos.hpp:98:3:[m[K [01;36m[Knote: [m[Kcandidate: â€˜[01m[Krclcpp::QoS& rclcpp::QoS::reliability(rmw_qos_reliability_policy_t)[m[Kâ€™
[4.201s]    98 |   [01;36m[Kreliability[m[K(rmw_qos_reliability_policy_t reliability);
[4.201s]       |   [01;36m[K^~~~~~~~~~~[m[K
[4.201s] [01m[K/opt/ros/foxy/include/rclcpp/qos.hpp:98:3:[m[K [01;36m[Knote: [m[K  candidate expects 1 argument, 0 provided
[4.201s] In file included from [01m[K/opt/ros/foxy/src/gtest_vendor/include/gtest/gtest.h:384[m[K,
[4.201s]                  from [01m[K/home/yy/robot_ws/image_common/image_transport/test/test_qos_override.cpp:29[m[K:
[4.201s] [01m[K/home/yy/robot_ws/image_common/image_transport/test/test_qos_override.cpp:152:13:[m[K [01;31m[Kerror: [m[Kâ€˜[01m[Krclcpp::ReliabilityPolicy[m[Kâ€™ has not been declared
[4.201s]   152 |     rclcpp::[01;31m[KReliabilityPolicy[m[K::BestEffort);
[4.201s]       |             [01;31m[K^~~~~~~~~~~~~~~~~[m[K
[4.201s] [01m[K/opt/ros/foxy/src/gtest_vendor/include/gtest/gtest_pred_impl.h:76:52:[m[K [01;36m[Knote: [m[Kin definition of macro â€˜[01m[KGTEST_ASSERT_[m[Kâ€™
[4.201s]    76 |   if (const ::testing::AssertionResult gtest_ar = ([01;36m[Kexpression[m[K)) \
[4.202s]       |                                                    [01;36m[K^~~~~~~~~~[m[K
[4.202s] [01m[K/opt/ros/foxy/src/gtest_vendor/include/gtest/gtest_pred_impl.h:161:3:[m[K [01;36m[Knote: [m[Kin expansion of macro â€˜[01m[KGTEST_PRED_FORMAT2_[m[Kâ€™
[4.202s]   161 |   [01;36m[KGTEST_PRED_FORMAT2_[m[K(pred_format, v1, v2, GTEST_NONFATAL_FAILURE_)
[4.202s]       |   [01;36m[K^~~~~~~~~~~~~~~~~~~[m[K
[4.202s] [01m[K/opt/ros/foxy/src/gtest_vendor/include/gtest/gtest.h:1996:3:[m[K [01;36m[Knote: [m[Kin expansion of macro â€˜[01m[KEXPECT_PRED_FORMAT2[m[Kâ€™
[4.202s]  1996 |   [01;36m[KEXPECT_PRED_FORMAT2[m[K(::testing::internal:: \
[4.202s]       |   [01;36m[K^~~~~~~~~~~~~~~~~~~[m[K
[4.202s] [01m[K/home/yy/robot_ws/image_common/image_transport/test/test_qos_override.cpp:150:3:[m[K [01;36m[Knote: [m[Kin expansion of macro â€˜[01m[KEXPECT_EQ[m[Kâ€™
[4.203s]   150 |   [01;36m[KEXPECT_EQ[m[K(
[4.203s]       |   [01;36m[K^~~~~~~~~[m[K
[4.663s] make[2]: *** [CMakeFiles/image_transport-qos_override.dir/build.make:63: CMakeFiles/image_transport-qos_override.dir/test/test_qos_override.cpp.o] Error 1
[4.664s] make[1]: *** [CMakeFiles/Makefile2:341: CMakeFiles/image_transport-qos_override.dir/all] Error 2
[4.664s] make: *** [Makefile:141: all] Error 2
