[0.079s] Invoking command in '/home/yy/robot_ws/build/camera_info_manager': AMENT_PREFIX_PATH=/home/yy/robot_ws/install/camera_calibration_parsers:${AMENT_PREFIX_PATH} CMAKE_PREFIX_PATH=/home/yy/robot_ws/install/camera_calibration_parsers:/home/yy/turtlebot3_ws/install/turtlebot3:/home/yy/turtlebot3_ws/install/turtlebot3_simulations:/home/yy/turtlebot3_ws/install/turtlebot3_bringup:/home/yy/turtlebot3_ws/install/turtlebot3_node:/home/yy/turtlebot3_ws/install/turtlebot3_navigation2:/home/yy/turtlebot3_ws/install/turtlebot3_fake_node:/home/yy/turtlebot3_ws/install/turtlebot3_msgs:/home/yy/turtlebot3_ws/install/turtlebot3_gazebo:/home/yy/turtlebot3_ws/install/turtlebot3_description:/home/yy/turtlebot3_ws/install/turtlebot3_cartographer:/home/yy/turtlebot3_ws/install/dynamixel_sdk_examples:/home/yy/turtlebot3_ws/install/dynamixel_sdk_custom_interfaces:/home/yy/turtlebot3_ws/install/dynamixel_sdk:/home/yy/robot_ws/install/class_test_interfaces:/home/yy/turtlebot3_ws/install/turtlebot3_teleop:/home/yy/turtlebot3_ws/install/turtlebot3_example:/home/yy/robot_ws/install/test_para:/home/yy/robot_ws/install/test_num:/home/yy/robot_ws/install/tb3_move:/home/yy/robot_ws/install/move_turtle_pkg:/home/yy/robot_ws/install/m_pubsub:/opt/ros/foxy LD_LIBRARY_PATH=/home/yy/robot_ws/install/camera_calibration_parsers/lib:${LD_LIBRARY_PATH} /usr/bin/cmake /home/yy/robot_ws/image_common/camera_info_manager -DAMENT_CMAKE_SYMLINK_INSTALL=1 -DCMAKE_INSTALL_PREFIX=/home/yy/robot_ws/install/camera_info_manager
[0.379s] -- The C compiler identification is GNU 9.4.0
[0.651s] -- The CXX compiler identification is GNU 9.4.0
[0.684s] -- Check for working C compiler: /usr/bin/cc
[0.952s] -- Check for working C compiler: /usr/bin/cc -- works
[0.954s] -- Detecting C compiler ABI info
[1.207s] -- Detecting C compiler ABI info - done
[1.233s] -- Detecting C compile features
[1.239s] -- Detecting C compile features - done
[1.246s] -- Check for working CXX compiler: /usr/bin/c++
[1.557s] -- Check for working CXX compiler: /usr/bin/c++ -- works
[1.558s] -- Detecting CXX compiler ABI info
[1.879s] -- Detecting CXX compiler ABI info - done
[1.923s] -- Detecting CXX compile features
[1.924s] -- Detecting CXX compile features - done
[1.935s] -- Found ament_cmake_ros: 0.9.2 (/opt/ros/foxy/share/ament_cmake_ros/cmake)
[2.109s] -- Found PythonInterp: /usr/bin/python3 (found suitable version "3.8.10", minimum required is "3") 
[2.110s] -- Using PYTHON_EXECUTABLE: /usr/bin/python3
[2.647s] -- Override CMake install command with custom implementation using symlinks instead of copying resources
[2.830s] -- Found ament_index_cpp: 1.1.0 (/opt/ros/foxy/share/ament_index_cpp/cmake)
[2.843s] -- Found camera_calibration_parsers: 4.1.1 (/home/yy/robot_ws/install/camera_calibration_parsers/share/camera_calibration_parsers/cmake)
[3.052s] -- Using all available rosidl_typesupport_c: rosidl_typesupport_fastrtps_c;rosidl_typesupport_introspection_c
[3.092s] -- Found rosidl_adapter: 1.3.0 (/opt/ros/foxy/share/rosidl_adapter/cmake)
[3.446s] -- Found OpenSSL: /usr/lib/x86_64-linux-gnu/libcrypto.so (found version "1.1.1f")  
[3.562s] -- Found FastRTPS: /opt/ros/foxy/include  
[3.850s] -- Using all available rosidl_typesupport_cpp: rosidl_typesupport_fastrtps_cpp;rosidl_typesupport_introspection_cpp
[4.071s] -- Found rmw_implementation_cmake: 1.0.3 (/opt/ros/foxy/share/rmw_implementation_cmake/cmake)
[4.080s] -- Using RMW implementation 'rmw_fastrtps_cpp' as default
[4.085s] -- Looking for pthread.h
[4.331s] -- Looking for pthread.h - found
[4.334s] -- Performing Test CMAKE_HAVE_LIBC_PTHREAD
[4.568s] -- Performing Test CMAKE_HAVE_LIBC_PTHREAD - Failed
[4.570s] -- Looking for pthread_create in pthreads
[4.815s] -- Looking for pthread_create in pthreads - not found
[4.815s] -- Looking for pthread_create in pthread
[5.097s] -- Looking for pthread_create in pthread - found
[5.097s] -- Found Threads: TRUE  
[6.065s] -- Setting yaml-cpp_DIR to: '/opt/ros/foxy/share/yaml_cpp_vendor/cmake/../../../opt/yaml_cpp_vendor/lib/cmake/yaml-cpp'
[6.127s] -- Found rclcpp_lifecycle: 2.4.2 (/opt/ros/foxy/share/rclcpp_lifecycle/cmake)
[6.252s] -- Found ament_cmake_cpplint: 0.9.7 (/opt/ros/foxy/share/ament_cmake_cpplint/cmake)
[6.261s] -- Found ament_cmake_lint_cmake: 0.9.7 (/opt/ros/foxy/share/ament_cmake_lint_cmake/cmake)
[6.271s] -- Found ament_cmake_uncrustify: 0.9.7 (/opt/ros/foxy/share/ament_cmake_uncrustify/cmake)
[6.503s] -- Configuring done
[6.536s] -- Generating done
[6.543s] -- Build files have been written to: /home/yy/robot_ws/build/camera_info_manager
[6.574s] Invoked command in '/home/yy/robot_ws/build/camera_info_manager' returned '0': AMENT_PREFIX_PATH=/home/yy/robot_ws/install/camera_calibration_parsers:${AMENT_PREFIX_PATH} CMAKE_PREFIX_PATH=/home/yy/robot_ws/install/camera_calibration_parsers:/home/yy/turtlebot3_ws/install/turtlebot3:/home/yy/turtlebot3_ws/install/turtlebot3_simulations:/home/yy/turtlebot3_ws/install/turtlebot3_bringup:/home/yy/turtlebot3_ws/install/turtlebot3_node:/home/yy/turtlebot3_ws/install/turtlebot3_navigation2:/home/yy/turtlebot3_ws/install/turtlebot3_fake_node:/home/yy/turtlebot3_ws/install/turtlebot3_msgs:/home/yy/turtlebot3_ws/install/turtlebot3_gazebo:/home/yy/turtlebot3_ws/install/turtlebot3_description:/home/yy/turtlebot3_ws/install/turtlebot3_cartographer:/home/yy/turtlebot3_ws/install/dynamixel_sdk_examples:/home/yy/turtlebot3_ws/install/dynamixel_sdk_custom_interfaces:/home/yy/turtlebot3_ws/install/dynamixel_sdk:/home/yy/robot_ws/install/class_test_interfaces:/home/yy/turtlebot3_ws/install/turtlebot3_teleop:/home/yy/turtlebot3_ws/install/turtlebot3_example:/home/yy/robot_ws/install/test_para:/home/yy/robot_ws/install/test_num:/home/yy/robot_ws/install/tb3_move:/home/yy/robot_ws/install/move_turtle_pkg:/home/yy/robot_ws/install/m_pubsub:/opt/ros/foxy LD_LIBRARY_PATH=/home/yy/robot_ws/install/camera_calibration_parsers/lib:${LD_LIBRARY_PATH} /usr/bin/cmake /home/yy/robot_ws/image_common/camera_info_manager -DAMENT_CMAKE_SYMLINK_INSTALL=1 -DCMAKE_INSTALL_PREFIX=/home/yy/robot_ws/install/camera_info_manager
[6.575s] Invoking command in '/home/yy/robot_ws/build/camera_info_manager': AMENT_PREFIX_PATH=/home/yy/robot_ws/install/camera_calibration_parsers:${AMENT_PREFIX_PATH} CMAKE_PREFIX_PATH=/home/yy/robot_ws/install/camera_calibration_parsers:/home/yy/turtlebot3_ws/install/turtlebot3:/home/yy/turtlebot3_ws/install/turtlebot3_simulations:/home/yy/turtlebot3_ws/install/turtlebot3_bringup:/home/yy/turtlebot3_ws/install/turtlebot3_node:/home/yy/turtlebot3_ws/install/turtlebot3_navigation2:/home/yy/turtlebot3_ws/install/turtlebot3_fake_node:/home/yy/turtlebot3_ws/install/turtlebot3_msgs:/home/yy/turtlebot3_ws/install/turtlebot3_gazebo:/home/yy/turtlebot3_ws/install/turtlebot3_description:/home/yy/turtlebot3_ws/install/turtlebot3_cartographer:/home/yy/turtlebot3_ws/install/dynamixel_sdk_examples:/home/yy/turtlebot3_ws/install/dynamixel_sdk_custom_interfaces:/home/yy/turtlebot3_ws/install/dynamixel_sdk:/home/yy/robot_ws/install/class_test_interfaces:/home/yy/turtlebot3_ws/install/turtlebot3_teleop:/home/yy/turtlebot3_ws/install/turtlebot3_example:/home/yy/robot_ws/install/test_para:/home/yy/robot_ws/install/test_num:/home/yy/robot_ws/install/tb3_move:/home/yy/robot_ws/install/move_turtle_pkg:/home/yy/robot_ws/install/m_pubsub:/opt/ros/foxy LD_LIBRARY_PATH=/home/yy/robot_ws/install/camera_calibration_parsers/lib:${LD_LIBRARY_PATH} /usr/bin/cmake --build /home/yy/robot_ws/build/camera_info_manager -- -j2 -l2
[6.801s] [35m[1mScanning dependencies of target camera_info_manager[0m
[6.951s] [ 50%] [32mBuilding CXX object CMakeFiles/camera_info_manager.dir/src/camera_info_manager.cpp.o[0m
[7.358s] [01m[K/home/yy/robot_ws/image_common/camera_info_manager/src/camera_info_manager.cpp:46:10:[m[K [01;31m[Kfatal error: [m[Krcpputils/env.hpp: No such file or directory
[7.358s]    46 | #include [01;31m[K"rcpputils/env.hpp"[m[K
[7.358s]       |          [01;31m[K^~~~~~~~~~~~~~~~~~~[m[K
[7.358s] compilation terminated.
[7.367s] make[2]: *** [CMakeFiles/camera_info_manager.dir/build.make:63: CMakeFiles/camera_info_manager.dir/src/camera_info_manager.cpp.o] Error 1
[7.367s] make[1]: *** [CMakeFiles/Makefile2:78: CMakeFiles/camera_info_manager.dir/all] Error 2
[7.367s] make: *** [Makefile:141: all] Error 2
[7.374s] Invoked command in '/home/yy/robot_ws/build/camera_info_manager' returned '2': AMENT_PREFIX_PATH=/home/yy/robot_ws/install/camera_calibration_parsers:${AMENT_PREFIX_PATH} CMAKE_PREFIX_PATH=/home/yy/robot_ws/install/camera_calibration_parsers:/home/yy/turtlebot3_ws/install/turtlebot3:/home/yy/turtlebot3_ws/install/turtlebot3_simulations:/home/yy/turtlebot3_ws/install/turtlebot3_bringup:/home/yy/turtlebot3_ws/install/turtlebot3_node:/home/yy/turtlebot3_ws/install/turtlebot3_navigation2:/home/yy/turtlebot3_ws/install/turtlebot3_fake_node:/home/yy/turtlebot3_ws/install/turtlebot3_msgs:/home/yy/turtlebot3_ws/install/turtlebot3_gazebo:/home/yy/turtlebot3_ws/install/turtlebot3_description:/home/yy/turtlebot3_ws/install/turtlebot3_cartographer:/home/yy/turtlebot3_ws/install/dynamixel_sdk_examples:/home/yy/turtlebot3_ws/install/dynamixel_sdk_custom_interfaces:/home/yy/turtlebot3_ws/install/dynamixel_sdk:/home/yy/robot_ws/install/class_test_interfaces:/home/yy/turtlebot3_ws/install/turtlebot3_teleop:/home/yy/turtlebot3_ws/install/turtlebot3_example:/home/yy/robot_ws/install/test_para:/home/yy/robot_ws/install/test_num:/home/yy/robot_ws/install/tb3_move:/home/yy/robot_ws/install/move_turtle_pkg:/home/yy/robot_ws/install/m_pubsub:/opt/ros/foxy LD_LIBRARY_PATH=/home/yy/robot_ws/install/camera_calibration_parsers/lib:${LD_LIBRARY_PATH} /usr/bin/cmake --build /home/yy/robot_ws/build/camera_info_manager -- -j2 -l2
