[0.056s] Invoking command in '/home/yy/robot_ws/build/camera_info_manager': CMAKE_PREFIX_PATH=/home/yy/robot_ws/install/camera_calibration_parsers:/home/yy/turtlebot3_ws/install/turtlebot3:/home/yy/turtlebot3_ws/install/turtlebot3_simulations:/home/yy/turtlebot3_ws/install/turtlebot3_bringup:/home/yy/turtlebot3_ws/install/turtlebot3_node:/home/yy/turtlebot3_ws/install/turtlebot3_navigation2:/home/yy/turtlebot3_ws/install/turtlebot3_fake_node:/home/yy/turtlebot3_ws/install/turtlebot3_msgs:/home/yy/turtlebot3_ws/install/turtlebot3_gazebo:/home/yy/turtlebot3_ws/install/turtlebot3_description:/home/yy/turtlebot3_ws/install/turtlebot3_cartographer:/home/yy/turtlebot3_ws/install/dynamixel_sdk_examples:/home/yy/turtlebot3_ws/install/dynamixel_sdk_custom_interfaces:/home/yy/turtlebot3_ws/install/dynamixel_sdk:/home/yy/robot_ws/install/ros2_aruco_interfaces:/home/yy/robot_ws/install/class_test_interfaces:/home/yy/turtlebot3_ws/install/turtlebot3_teleop:/home/yy/turtlebot3_ws/install/turtlebot3_example:/home/yy/robot_ws/install/test_para:/home/yy/robot_ws/install/test_num:/home/yy/robot_ws/install/tb3_move:/home/yy/robot_ws/install/ros2_aruco:/home/yy/robot_ws/install/move_turtle_pkg:/home/yy/robot_ws/install/m_pubsub:/home/yy/robot_ws/install/imgtran:/opt/ros/foxy LD_LIBRARY_PATH=/home/yy/robot_ws/install/camera_calibration_parsers/lib:/home/yy/turtlebot3_ws/install/turtlebot3_msgs/lib:/home/yy/turtlebot3_ws/install/dynamixel_sdk_custom_interfaces/lib:/home/yy/turtlebot3_ws/install/dynamixel_sdk/lib:/home/yy/robot_ws/install/ros2_aruco_interfaces/lib:/home/yy/robot_ws/install/class_test_interfaces/lib:/usr/lib/x86_64-linux-gnu/gazebo-11/plugins:/opt/ros/foxy/opt/yaml_cpp_vendor/lib:/opt/ros/foxy/opt/rviz_ogre_vendor/lib:/opt/ros/foxy/lib/x86_64-linux-gnu:/opt/ros/foxy/lib /usr/bin/cmake /home/yy/robot_ws/image_common/camera_info_manager -DAMENT_CMAKE_SYMLINK_INSTALL=1 -DCMAKE_INSTALL_PREFIX=/home/yy/robot_ws/install/camera_info_manager
[0.159s] -- The C compiler identification is GNU 9.4.0
[0.200s] -- The CXX compiler identification is GNU 9.4.0
[0.206s] -- Check for working C compiler: /usr/bin/cc
[0.273s] -- Check for working C compiler: /usr/bin/cc -- works
[0.274s] -- Detecting C compiler ABI info
[0.429s] -- Detecting C compiler ABI info - done
[0.437s] -- Detecting C compile features
[0.437s] -- Detecting C compile features - done
[0.439s] -- Check for working CXX compiler: /usr/bin/c++
[0.509s] -- Check for working CXX compiler: /usr/bin/c++ -- works
[0.510s] -- Detecting CXX compiler ABI info
[0.579s] -- Detecting CXX compiler ABI info - done
[0.587s] -- Detecting CXX compile features
[0.587s] -- Detecting CXX compile features - done
[0.592s] -- Found ament_cmake_ros: 0.9.2 (/opt/ros/foxy/share/ament_cmake_ros/cmake)
[0.643s] -- Found PythonInterp: /usr/bin/python3 (found suitable version "3.8.10", minimum required is "3") 
[0.644s] -- Using PYTHON_EXECUTABLE: /usr/bin/python3
[0.851s] -- Override CMake install command with custom implementation using symlinks instead of copying resources
[0.939s] -- Found ament_index_cpp: 1.1.0 (/opt/ros/foxy/share/ament_index_cpp/cmake)
[0.948s] -- Found camera_calibration_parsers: 4.1.1 (/home/yy/robot_ws/install/camera_calibration_parsers/share/camera_calibration_parsers/cmake)
[1.019s] -- Using all available rosidl_typesupport_c: rosidl_typesupport_fastrtps_c;rosidl_typesupport_introspection_c
[1.029s] -- Found rosidl_adapter: 1.3.0 (/opt/ros/foxy/share/rosidl_adapter/cmake)
[1.106s] -- Found OpenSSL: /usr/lib/x86_64-linux-gnu/libcrypto.so (found version "1.1.1f")  
[1.130s] -- Found FastRTPS: /opt/ros/foxy/include  
[1.223s] -- Using all available rosidl_typesupport_cpp: rosidl_typesupport_fastrtps_cpp;rosidl_typesupport_introspection_cpp
[1.348s] -- Found rmw_implementation_cmake: 1.0.3 (/opt/ros/foxy/share/rmw_implementation_cmake/cmake)
[1.351s] -- Using RMW implementation 'rmw_fastrtps_cpp' as default
[1.352s] -- Looking for pthread.h
[1.582s] -- Looking for pthread.h - found
[1.582s] -- Performing Test CMAKE_HAVE_LIBC_PTHREAD
[1.812s] -- Performing Test CMAKE_HAVE_LIBC_PTHREAD - Failed
[1.812s] -- Looking for pthread_create in pthreads
[1.989s] -- Looking for pthread_create in pthreads - not found
[1.989s] -- Looking for pthread_create in pthread
[2.179s] -- Looking for pthread_create in pthread - found
[2.179s] -- Found Threads: TRUE  
[3.011s] -- Setting yaml-cpp_DIR to: '/opt/ros/foxy/share/yaml_cpp_vendor/cmake/../../../opt/yaml_cpp_vendor/lib/cmake/yaml-cpp'
[3.027s] -- Found rclcpp_lifecycle: 2.4.2 (/opt/ros/foxy/share/rclcpp_lifecycle/cmake)
[3.184s] -- Found ament_cmake_cpplint: 0.9.7 (/opt/ros/foxy/share/ament_cmake_cpplint/cmake)
[3.192s] -- Found ament_cmake_lint_cmake: 0.9.7 (/opt/ros/foxy/share/ament_cmake_lint_cmake/cmake)
[3.201s] -- Found ament_cmake_uncrustify: 0.9.7 (/opt/ros/foxy/share/ament_cmake_uncrustify/cmake)
[3.377s] -- Configuring done
[3.398s] -- Generating done
[3.400s] -- Build files have been written to: /home/yy/robot_ws/build/camera_info_manager
[3.426s] Invoked command in '/home/yy/robot_ws/build/camera_info_manager' returned '0': CMAKE_PREFIX_PATH=/home/yy/robot_ws/install/camera_calibration_parsers:/home/yy/turtlebot3_ws/install/turtlebot3:/home/yy/turtlebot3_ws/install/turtlebot3_simulations:/home/yy/turtlebot3_ws/install/turtlebot3_bringup:/home/yy/turtlebot3_ws/install/turtlebot3_node:/home/yy/turtlebot3_ws/install/turtlebot3_navigation2:/home/yy/turtlebot3_ws/install/turtlebot3_fake_node:/home/yy/turtlebot3_ws/install/turtlebot3_msgs:/home/yy/turtlebot3_ws/install/turtlebot3_gazebo:/home/yy/turtlebot3_ws/install/turtlebot3_description:/home/yy/turtlebot3_ws/install/turtlebot3_cartographer:/home/yy/turtlebot3_ws/install/dynamixel_sdk_examples:/home/yy/turtlebot3_ws/install/dynamixel_sdk_custom_interfaces:/home/yy/turtlebot3_ws/install/dynamixel_sdk:/home/yy/robot_ws/install/ros2_aruco_interfaces:/home/yy/robot_ws/install/class_test_interfaces:/home/yy/turtlebot3_ws/install/turtlebot3_teleop:/home/yy/turtlebot3_ws/install/turtlebot3_example:/home/yy/robot_ws/install/test_para:/home/yy/robot_ws/install/test_num:/home/yy/robot_ws/install/tb3_move:/home/yy/robot_ws/install/ros2_aruco:/home/yy/robot_ws/install/move_turtle_pkg:/home/yy/robot_ws/install/m_pubsub:/home/yy/robot_ws/install/imgtran:/opt/ros/foxy LD_LIBRARY_PATH=/home/yy/robot_ws/install/camera_calibration_parsers/lib:/home/yy/turtlebot3_ws/install/turtlebot3_msgs/lib:/home/yy/turtlebot3_ws/install/dynamixel_sdk_custom_interfaces/lib:/home/yy/turtlebot3_ws/install/dynamixel_sdk/lib:/home/yy/robot_ws/install/ros2_aruco_interfaces/lib:/home/yy/robot_ws/install/class_test_interfaces/lib:/usr/lib/x86_64-linux-gnu/gazebo-11/plugins:/opt/ros/foxy/opt/yaml_cpp_vendor/lib:/opt/ros/foxy/opt/rviz_ogre_vendor/lib:/opt/ros/foxy/lib/x86_64-linux-gnu:/opt/ros/foxy/lib /usr/bin/cmake /home/yy/robot_ws/image_common/camera_info_manager -DAMENT_CMAKE_SYMLINK_INSTALL=1 -DCMAKE_INSTALL_PREFIX=/home/yy/robot_ws/install/camera_info_manager
[3.429s] Invoking command in '/home/yy/robot_ws/build/camera_info_manager': CMAKE_PREFIX_PATH=/home/yy/robot_ws/install/camera_calibration_parsers:/home/yy/turtlebot3_ws/install/turtlebot3:/home/yy/turtlebot3_ws/install/turtlebot3_simulations:/home/yy/turtlebot3_ws/install/turtlebot3_bringup:/home/yy/turtlebot3_ws/install/turtlebot3_node:/home/yy/turtlebot3_ws/install/turtlebot3_navigation2:/home/yy/turtlebot3_ws/install/turtlebot3_fake_node:/home/yy/turtlebot3_ws/install/turtlebot3_msgs:/home/yy/turtlebot3_ws/install/turtlebot3_gazebo:/home/yy/turtlebot3_ws/install/turtlebot3_description:/home/yy/turtlebot3_ws/install/turtlebot3_cartographer:/home/yy/turtlebot3_ws/install/dynamixel_sdk_examples:/home/yy/turtlebot3_ws/install/dynamixel_sdk_custom_interfaces:/home/yy/turtlebot3_ws/install/dynamixel_sdk:/home/yy/robot_ws/install/ros2_aruco_interfaces:/home/yy/robot_ws/install/class_test_interfaces:/home/yy/turtlebot3_ws/install/turtlebot3_teleop:/home/yy/turtlebot3_ws/install/turtlebot3_example:/home/yy/robot_ws/install/test_para:/home/yy/robot_ws/install/test_num:/home/yy/robot_ws/install/tb3_move:/home/yy/robot_ws/install/ros2_aruco:/home/yy/robot_ws/install/move_turtle_pkg:/home/yy/robot_ws/install/m_pubsub:/home/yy/robot_ws/install/imgtran:/opt/ros/foxy LD_LIBRARY_PATH=/home/yy/robot_ws/install/camera_calibration_parsers/lib:/home/yy/turtlebot3_ws/install/turtlebot3_msgs/lib:/home/yy/turtlebot3_ws/install/dynamixel_sdk_custom_interfaces/lib:/home/yy/turtlebot3_ws/install/dynamixel_sdk/lib:/home/yy/robot_ws/install/ros2_aruco_interfaces/lib:/home/yy/robot_ws/install/class_test_interfaces/lib:/usr/lib/x86_64-linux-gnu/gazebo-11/plugins:/opt/ros/foxy/opt/yaml_cpp_vendor/lib:/opt/ros/foxy/opt/rviz_ogre_vendor/lib:/opt/ros/foxy/lib/x86_64-linux-gnu:/opt/ros/foxy/lib /usr/bin/cmake --build /home/yy/robot_ws/build/camera_info_manager -- -j2 -l2
[3.612s] [35m[1mScanning dependencies of target camera_info_manager[0m
[3.771s] [ 50%] [32mBuilding CXX object CMakeFiles/camera_info_manager.dir/src/camera_info_manager.cpp.o[0m
[3.948s] [01m[K/home/yy/robot_ws/image_common/camera_info_manager/src/camera_info_manager.cpp:46:10:[m[K [01;31m[Kfatal error: [m[Krcpputils/env.hpp: No such file or directory
[3.948s]    46 | #include [01;31m[K"rcpputils/env.hpp"[m[K
[3.948s]       |          [01;31m[K^~~~~~~~~~~~~~~~~~~[m[K
[3.948s] compilation terminated.
[3.950s] make[2]: *** [CMakeFiles/camera_info_manager.dir/build.make:63: CMakeFiles/camera_info_manager.dir/src/camera_info_manager.cpp.o] Error 1
[3.950s] make[1]: *** [CMakeFiles/Makefile2:78: CMakeFiles/camera_info_manager.dir/all] Error 2
[3.952s] make: *** [Makefile:141: all] Error 2
[3.953s] Invoked command in '/home/yy/robot_ws/build/camera_info_manager' returned '2': CMAKE_PREFIX_PATH=/home/yy/robot_ws/install/camera_calibration_parsers:/home/yy/turtlebot3_ws/install/turtlebot3:/home/yy/turtlebot3_ws/install/turtlebot3_simulations:/home/yy/turtlebot3_ws/install/turtlebot3_bringup:/home/yy/turtlebot3_ws/install/turtlebot3_node:/home/yy/turtlebot3_ws/install/turtlebot3_navigation2:/home/yy/turtlebot3_ws/install/turtlebot3_fake_node:/home/yy/turtlebot3_ws/install/turtlebot3_msgs:/home/yy/turtlebot3_ws/install/turtlebot3_gazebo:/home/yy/turtlebot3_ws/install/turtlebot3_description:/home/yy/turtlebot3_ws/install/turtlebot3_cartographer:/home/yy/turtlebot3_ws/install/dynamixel_sdk_examples:/home/yy/turtlebot3_ws/install/dynamixel_sdk_custom_interfaces:/home/yy/turtlebot3_ws/install/dynamixel_sdk:/home/yy/robot_ws/install/ros2_aruco_interfaces:/home/yy/robot_ws/install/class_test_interfaces:/home/yy/turtlebot3_ws/install/turtlebot3_teleop:/home/yy/turtlebot3_ws/install/turtlebot3_example:/home/yy/robot_ws/install/test_para:/home/yy/robot_ws/install/test_num:/home/yy/robot_ws/install/tb3_move:/home/yy/robot_ws/install/ros2_aruco:/home/yy/robot_ws/install/move_turtle_pkg:/home/yy/robot_ws/install/m_pubsub:/home/yy/robot_ws/install/imgtran:/opt/ros/foxy LD_LIBRARY_PATH=/home/yy/robot_ws/install/camera_calibration_parsers/lib:/home/yy/turtlebot3_ws/install/turtlebot3_msgs/lib:/home/yy/turtlebot3_ws/install/dynamixel_sdk_custom_interfaces/lib:/home/yy/turtlebot3_ws/install/dynamixel_sdk/lib:/home/yy/robot_ws/install/ros2_aruco_interfaces/lib:/home/yy/robot_ws/install/class_test_interfaces/lib:/usr/lib/x86_64-linux-gnu/gazebo-11/plugins:/opt/ros/foxy/opt/yaml_cpp_vendor/lib:/opt/ros/foxy/opt/rviz_ogre_vendor/lib:/opt/ros/foxy/lib/x86_64-linux-gnu:/opt/ros/foxy/lib /usr/bin/cmake --build /home/yy/robot_ws/build/camera_info_manager -- -j2 -l2
