[0.022s] Invoking command in '/home/yy/robot_ws/build/image_transport': CMAKE_PREFIX_PATH=${CMAKE_PREFIX_PATH}:/home/yy/turtlebot3_ws/install/turtlebot3_teleop:/home/yy/turtlebot3_ws/install/turtlebot3_example:/home/yy/robot_ws/install/test_para:/home/yy/robot_ws/install/test_num:/home/yy/robot_ws/install/tb3_move:/home/yy/robot_ws/install/ros2_aruco:/home/yy/robot_ws/install/move_turtle_pkg:/home/yy/robot_ws/install/m_pubsub:/home/yy/robot_ws/install/imgtran:/opt/ros/foxy /usr/bin/cmake /home/yy/robot_ws/image_common/image_transport -DAMENT_CMAKE_SYMLINK_INSTALL=1 -DCMAKE_INSTALL_PREFIX=/home/yy/robot_ws/install/image_transport
[0.105s] -- The C compiler identification is GNU 9.4.0
[0.149s] -- The CXX compiler identification is GNU 9.4.0
[0.157s] -- Check for working C compiler: /usr/bin/cc
[0.225s] -- Check for working C compiler: /usr/bin/cc -- works
[0.225s] -- Detecting C compiler ABI info
[0.278s] -- Detecting C compiler ABI info - done
[0.284s] -- Detecting C compile features
[0.285s] -- Detecting C compile features - done
[0.287s] -- Check for working CXX compiler: /usr/bin/c++
[0.346s] -- Check for working CXX compiler: /usr/bin/c++ -- works
[0.346s] -- Detecting CXX compiler ABI info
[0.413s] -- Detecting CXX compiler ABI info - done
[0.421s] -- Detecting CXX compile features
[0.421s] -- Detecting CXX compile features - done
[0.423s] -- Found ament_cmake_ros: 0.9.2 (/opt/ros/foxy/share/ament_cmake_ros/cmake)
[0.463s] -- Found PythonInterp: /usr/bin/python3 (found suitable version "3.8.10", minimum required is "3") 
[0.463s] -- Using PYTHON_EXECUTABLE: /usr/bin/python3
[0.621s] -- Override CMake install command with custom implementation using symlinks instead of copying resources
[0.672s] -- Found message_filters: 3.2.5 (/opt/ros/foxy/share/message_filters/cmake)
[0.677s] -- Found pluginlib: 2.5.4 (/opt/ros/foxy/share/pluginlib/cmake)
[0.728s] -- Found rclcpp: 2.4.2 (/opt/ros/foxy/share/rclcpp/cmake)
[0.763s] -- Using all available rosidl_typesupport_c: rosidl_typesupport_fastrtps_c;rosidl_typesupport_introspection_c
[0.770s] -- Found rosidl_adapter: 1.3.0 (/opt/ros/foxy/share/rosidl_adapter/cmake)
[0.843s] -- Found OpenSSL: /usr/lib/x86_64-linux-gnu/libcrypto.so (found version "1.1.1f")  
[0.864s] -- Found FastRTPS: /opt/ros/foxy/include  
[0.931s] -- Using all available rosidl_typesupport_cpp: rosidl_typesupport_fastrtps_cpp;rosidl_typesupport_introspection_cpp
[0.996s] -- Found rmw_implementation_cmake: 1.0.3 (/opt/ros/foxy/share/rmw_implementation_cmake/cmake)
[0.999s] -- Using RMW implementation 'rmw_fastrtps_cpp' as default
[1.001s] -- Looking for pthread.h
[1.060s] -- Looking for pthread.h - found
[1.068s] -- Performing Test CMAKE_HAVE_LIBC_PTHREAD
[1.153s] -- Performing Test CMAKE_HAVE_LIBC_PTHREAD - Failed
[1.154s] -- Looking for pthread_create in pthreads
[1.203s] -- Looking for pthread_create in pthreads - not found
[1.203s] -- Looking for pthread_create in pthread
[1.284s] -- Looking for pthread_create in pthread - found
[1.284s] -- Found Threads: TRUE  
[1.424s] -- Found sensor_msgs: 2.0.5 (/opt/ros/foxy/share/sensor_msgs/cmake)
[1.527s] -- Found ament_lint_auto: 0.9.7 (/opt/ros/foxy/share/ament_lint_auto/cmake)
[1.602s] -- Found gtest sources under '/opt/ros/foxy/src/gtest_vendor': C++ tests using 'Google Test' will be built
[1.615s] -- Check if compiler accepts -pthread
[1.705s] -- Check if compiler accepts -pthread - yes
[1.722s] -- Added test 'copyright' to check source files copyright and LICENSE
[1.724s] -- Added test 'cpplint' to check C / C++ code against the Google style
[1.724s] -- Configured cpplint exclude dirs and/or files: 
[1.725s] -- Added test 'lint_cmake' to check CMake code style
[1.727s] -- Added test 'uncrustify' to check C / C++ code style
[1.727s] -- Configured uncrustify additional arguments: 
[1.729s] -- Added test 'xmllint' to check XML markup files
[1.732s] -- Configuring done
[1.776s] -- Generating done
[1.778s] -- Build files have been written to: /home/yy/robot_ws/build/image_transport
[1.788s] Invoked command in '/home/yy/robot_ws/build/image_transport' returned '0': CMAKE_PREFIX_PATH=${CMAKE_PREFIX_PATH}:/home/yy/turtlebot3_ws/install/turtlebot3_teleop:/home/yy/turtlebot3_ws/install/turtlebot3_example:/home/yy/robot_ws/install/test_para:/home/yy/robot_ws/install/test_num:/home/yy/robot_ws/install/tb3_move:/home/yy/robot_ws/install/ros2_aruco:/home/yy/robot_ws/install/move_turtle_pkg:/home/yy/robot_ws/install/m_pubsub:/home/yy/robot_ws/install/imgtran:/opt/ros/foxy /usr/bin/cmake /home/yy/robot_ws/image_common/image_transport -DAMENT_CMAKE_SYMLINK_INSTALL=1 -DCMAKE_INSTALL_PREFIX=/home/yy/robot_ws/install/image_transport
[1.790s] Invoking command in '/home/yy/robot_ws/build/image_transport': CMAKE_PREFIX_PATH=${CMAKE_PREFIX_PATH}:/home/yy/turtlebot3_ws/install/turtlebot3_teleop:/home/yy/turtlebot3_ws/install/turtlebot3_example:/home/yy/robot_ws/install/test_para:/home/yy/robot_ws/install/test_num:/home/yy/robot_ws/install/tb3_move:/home/yy/robot_ws/install/ros2_aruco:/home/yy/robot_ws/install/move_turtle_pkg:/home/yy/robot_ws/install/m_pubsub:/home/yy/robot_ws/install/imgtran:/opt/ros/foxy /usr/bin/cmake --build /home/yy/robot_ws/build/image_transport -- -j2 -l2
[1.892s] [35m[1mScanning dependencies of target gtest[0m
[1.917s] [35m[1mScanning dependencies of target image_transport[0m
[1.967s] [  3%] [32mBuilding CXX object gtest/CMakeFiles/gtest.dir/src/gtest-all.cc.o[0m
[1.999s] [  6%] [32mBuilding CXX object CMakeFiles/image_transport.dir/src/camera_common.cpp.o[0m
[2.470s] [  9%] [32mBuilding CXX object CMakeFiles/image_transport.dir/src/publisher.cpp.o[0m
[6.924s] [ 12%] [32m[1mLinking CXX static library libgtest.a[0m
[6.985s] [ 12%] Built target gtest
[7.054s] [35m[1mScanning dependencies of target gtest_main[0m
[7.127s] [ 15%] [32mBuilding CXX object gtest/CMakeFiles/gtest_main.dir/src/gtest_main.cc.o[0m
[7.169s] [ 18%] [32mBuilding CXX object CMakeFiles/image_transport.dir/src/subscriber.cpp.o[0m
[8.177s] [ 21%] [32m[1mLinking CXX static library libgtest_main.a[0m
[8.304s] [ 21%] Built target gtest_main
[8.334s] [ 25%] [32mBuilding CXX object CMakeFiles/image_transport.dir/src/single_subscriber_publisher.cpp.o[0m
[10.205s] [ 28%] [32mBuilding CXX object CMakeFiles/image_transport.dir/src/camera_publisher.cpp.o[0m
[10.688s] [ 31%] [32mBuilding CXX object CMakeFiles/image_transport.dir/src/camera_subscriber.cpp.o[0m
[12.595s] [ 34%] [32mBuilding CXX object CMakeFiles/image_transport.dir/src/image_transport.cpp.o[0m
[18.621s] [ 37%] [32m[1mLinking CXX shared library libimage_transport.so[0m
[18.966s] [ 37%] Built target image_transport
[18.973s] [35m[1mScanning dependencies of target image_transport-remapping[0m
[18.974s] [35m[1mScanning dependencies of target list_transports[0m
[19.016s] [ 40%] [32mBuilding CXX object CMakeFiles/image_transport-remapping.dir/test/test_remapping.cpp.o[0m
[19.022s] [ 43%] [32mBuilding CXX object CMakeFiles/list_transports.dir/src/list_transports.cpp.o[0m
[21.020s] [ 46%] [32m[1mLinking CXX executable image_transport-remapping[0m
[21.199s] [ 46%] Built target image_transport-remapping
[21.207s] [35m[1mScanning dependencies of target image_transport_plugins[0m
[21.234s] [ 50%] [32mBuilding CXX object CMakeFiles/image_transport_plugins.dir/src/manifest.cpp.o[0m
[22.424s] [ 53%] [32m[1mLinking CXX executable list_transports[0m
[22.625s] [ 53%] Built target list_transports
[22.634s] [35m[1mScanning dependencies of target republish[0m
[22.689s] [ 56%] [32mBuilding CXX object CMakeFiles/republish.dir/src/republish.cpp.o[0m
[23.953s] [01m[K/home/yy/robot_ws/image_common/image_transport/src/republish.cpp:[m[K In function â€˜[01m[Kint main(int, char**)[m[Kâ€™:
[23.953s] [01m[K/home/yy/robot_ws/image_common/image_transport/src/republish.cpp:65:41:[m[K [01;31m[Kerror: [m[Kâ€˜[01m[KQosOverridingOptions[m[Kâ€™ is not a member of â€˜[01m[Krclcpp[m[Kâ€™
[23.953s]    65 |     auto qos_override_options = rclcpp::[01;31m[KQosOverridingOptions[m[K(
[23.953s]       |                                         [01;31m[K^~~~~~~~~~~~~~~~~~~~[m[K
[23.954s] [01m[K/home/yy/robot_ws/image_common/image_transport/src/republish.cpp:67:15:[m[K [01;31m[Kerror: [m[Kâ€˜[01m[Krclcpp::QosPolicyKind[m[Kâ€™ has not been declared
[23.954s]    67 |       rclcpp::[01;31m[KQosPolicyKind[m[K::Depth,
[23.954s]       |               [01;31m[K^~~~~~~~~~~~~[m[K
[23.954s] [01m[K/home/yy/robot_ws/image_common/image_transport/src/republish.cpp:68:15:[m[K [01;31m[Kerror: [m[Kâ€˜[01m[Krclcpp::QosPolicyKind[m[Kâ€™ has not been declared
[23.954s]    68 |       rclcpp::[01;31m[KQosPolicyKind[m[K::Durability,
[23.954s]       |               [01;31m[K^~~~~~~~~~~~~[m[K
[23.954s] [01m[K/home/yy/robot_ws/image_common/image_transport/src/republish.cpp:69:15:[m[K [01;31m[Kerror: [m[Kâ€˜[01m[Krclcpp::QosPolicyKind[m[Kâ€™ has not been declared
[23.954s]    69 |       rclcpp::[01;31m[KQosPolicyKind[m[K::History,
[23.954s]       |               [01;31m[K^~~~~~~~~~~~~[m[K
[23.955s] [01m[K/home/yy/robot_ws/image_common/image_transport/src/republish.cpp:72:17:[m[K [01;31m[Kerror: [m[Kâ€˜[01m[Kusing PublisherOptions = struct rclcpp::PublisherOptionsWithAllocator<std::allocator<void> >[m[Kâ€™ {aka â€˜[01m[Kstruct rclcpp::PublisherOptionsWithAllocator<std::allocator<void> >[m[Kâ€™} has no member named â€˜[01m[Kqos_overriding_options[m[Kâ€™
[23.955s]    72 |     pub_options.[01;31m[Kqos_overriding_options[m[K = qos_override_options;
[23.955s]       |                 [01;31m[K^~~~~~~~~~~~~~~~~~~~~~[m[K
[23.956s] [01m[K/home/yy/robot_ws/image_common/image_transport/src/republish.cpp:83:17:[m[K [01;31m[Kerror: [m[Kâ€˜[01m[Kusing SubscriptionOptions = struct rclcpp::SubscriptionOptionsWithAllocator<std::allocator<void> >[m[Kâ€™ {aka â€˜[01m[Kstruct rclcpp::SubscriptionOptionsWithAllocator<std::allocator<void> >[m[Kâ€™} has no member named â€˜[01m[Kqos_overriding_options[m[Kâ€™
[23.956s]    83 |     sub_options.[01;31m[Kqos_overriding_options[m[K = qos_override_options;
[23.956s]       |                 [01;31m[K^~~~~~~~~~~~~~~~~~~~~~[m[K
[24.847s] [ 59%] [32m[1mLinking CXX shared library libimage_transport_plugins.so[0m
[25.020s] [ 59%] Built target image_transport_plugins
[25.027s] [35m[1mScanning dependencies of target image_transport-camera_common[0m
[25.040s] [ 62%] [32mBuilding CXX object CMakeFiles/image_transport-camera_common.dir/test/test_camera_common.cpp.o[0m
[25.083s] make[2]: *** [CMakeFiles/republish.dir/build.make:63: CMakeFiles/republish.dir/src/republish.cpp.o] Error 1
[25.083s] make[1]: *** [CMakeFiles/Makefile2:256: CMakeFiles/republish.dir/all] Error 2
[25.083s] make[1]: *** Waiting for unfinished jobs....
[25.583s] [ 65%] [32m[1mLinking CXX executable image_transport-camera_common[0m
[25.757s] [ 65%] Built target image_transport-camera_common
[25.758s] make: *** [Makefile:141: all] Error 2
