[0.067s] Invoking command in '/home/yy/robot_ws/build/camera_info_manager': AMENT_PREFIX_PATH=/home/yy/robot_ws/install/camera_calibration_parsers:${AMENT_PREFIX_PATH} CMAKE_PREFIX_PATH=/home/yy/robot_ws/install/camera_calibration_parsers:/home/yy/turtlebot3_ws/install/turtlebot3:/home/yy/turtlebot3_ws/install/turtlebot3_simulations:/home/yy/turtlebot3_ws/install/turtlebot3_bringup:/home/yy/turtlebot3_ws/install/turtlebot3_node:/home/yy/turtlebot3_ws/install/turtlebot3_navigation2:/home/yy/turtlebot3_ws/install/turtlebot3_fake_node:/home/yy/turtlebot3_ws/install/turtlebot3_msgs:/home/yy/turtlebot3_ws/install/turtlebot3_gazebo:/home/yy/turtlebot3_ws/install/turtlebot3_description:/home/yy/turtlebot3_ws/install/turtlebot3_cartographer:/home/yy/turtlebot3_ws/install/dynamixel_sdk_examples:/home/yy/turtlebot3_ws/install/dynamixel_sdk_custom_interfaces:/home/yy/turtlebot3_ws/install/dynamixel_sdk:/home/yy/robot_ws/install/class_test_interfaces:/home/yy/turtlebot3_ws/install/turtlebot3_teleop:/home/yy/turtlebot3_ws/install/turtlebot3_example:/home/yy/robot_ws/install/test_para:/home/yy/robot_ws/install/test_num:/home/yy/robot_ws/install/tb3_move:/home/yy/robot_ws/install/move_turtle_pkg:/home/yy/robot_ws/install/m_pubsub:/opt/ros/foxy LD_LIBRARY_PATH=/home/yy/robot_ws/install/camera_calibration_parsers/lib:${LD_LIBRARY_PATH} /usr/bin/cmake --build /home/yy/robot_ws/build/camera_info_manager -- -j2 -l2
[0.295s] [ 50%] [32mBuilding CXX object CMakeFiles/camera_info_manager.dir/src/camera_info_manager.cpp.o[0m
[0.686s] [01m[K/home/yy/robot_ws/image_common/camera_info_manager/src/camera_info_manager.cpp:46:10:[m[K [01;31m[Kfatal error: [m[Krcpputils/env.hpp: No such file or directory
[0.687s]    46 | #include [01;31m[K"rcpputils/env.hpp"[m[K
[0.687s]       |          [01;31m[K^~~~~~~~~~~~~~~~~~~[m[K
[0.687s] compilation terminated.
[0.695s] make[2]: *** [CMakeFiles/camera_info_manager.dir/build.make:63: CMakeFiles/camera_info_manager.dir/src/camera_info_manager.cpp.o] Error 1
[0.698s] make[1]: *** [CMakeFiles/Makefile2:78: CMakeFiles/camera_info_manager.dir/all] Error 2
[0.703s] make: *** [Makefile:141: all] Error 2
[0.705s] Invoked command in '/home/yy/robot_ws/build/camera_info_manager' returned '2': AMENT_PREFIX_PATH=/home/yy/robot_ws/install/camera_calibration_parsers:${AMENT_PREFIX_PATH} CMAKE_PREFIX_PATH=/home/yy/robot_ws/install/camera_calibration_parsers:/home/yy/turtlebot3_ws/install/turtlebot3:/home/yy/turtlebot3_ws/install/turtlebot3_simulations:/home/yy/turtlebot3_ws/install/turtlebot3_bringup:/home/yy/turtlebot3_ws/install/turtlebot3_node:/home/yy/turtlebot3_ws/install/turtlebot3_navigation2:/home/yy/turtlebot3_ws/install/turtlebot3_fake_node:/home/yy/turtlebot3_ws/install/turtlebot3_msgs:/home/yy/turtlebot3_ws/install/turtlebot3_gazebo:/home/yy/turtlebot3_ws/install/turtlebot3_description:/home/yy/turtlebot3_ws/install/turtlebot3_cartographer:/home/yy/turtlebot3_ws/install/dynamixel_sdk_examples:/home/yy/turtlebot3_ws/install/dynamixel_sdk_custom_interfaces:/home/yy/turtlebot3_ws/install/dynamixel_sdk:/home/yy/robot_ws/install/class_test_interfaces:/home/yy/turtlebot3_ws/install/turtlebot3_teleop:/home/yy/turtlebot3_ws/install/turtlebot3_example:/home/yy/robot_ws/install/test_para:/home/yy/robot_ws/install/test_num:/home/yy/robot_ws/install/tb3_move:/home/yy/robot_ws/install/move_turtle_pkg:/home/yy/robot_ws/install/m_pubsub:/opt/ros/foxy LD_LIBRARY_PATH=/home/yy/robot_ws/install/camera_calibration_parsers/lib:${LD_LIBRARY_PATH} /usr/bin/cmake --build /home/yy/robot_ws/build/camera_info_manager -- -j2 -l2
